
------------------------ PREPARING ------------------------

defining architectures...OK
parsing command-line arguments...OK
remembering build directory...OK

---------------------- CONFIGURATION ----------------------

setting up project...OK
setting up compiler...OK
setting up linker...OK

-------------------- PRE-BUILD CLEANING --------------------

creating object directory...
MAKING DIRECTORY [obj\avr8515]
OK
deleting old target file...OK

----------------- COMPILING AND ASSEMBLING -----------------


NO WORK ON app\small_test.c


NO WORK ON presto\kernel\clock.c


NO WORK ON presto\kernel\memory.c


NO WORK ON presto\kernel\semaphore.c


NO WORK ON presto\kernel\timer.c


NO WORK ON presto\kernel\mail.c


NO WORK ON presto\kernel\kernel.c


NO WORK ON cpu\avr8515\boot.c


NO WORK ON cpu\avr8515\error.c


NO WORK ON cpu\avr8515\cpu_timer.c


NO WORK ON cpu\avr8515\vectors.c


------------------------- LINKING -------------------------

LINKING...
RUNNING [avr-ld.exe -m avr85xx --script \alan\projects\presto\work\cpu\avr8515.x --trace -Map presto.map --cref -nostdlib -o presto.elf  small_test.o clock.o memory.o semaphore.o timer.o mail.o kernel.o boot.o error.o cpu_timer.o vectors.o c:\programs\embedded\avr\gnu\avr\lib\crts8515.o c:\programs\embedded\avr\gnu\lib\gcc-lib\avr\3.3.1\libgcc.a ]

avr-ld.exe: mode avr85xx
vectors.o
small_test.o
clock.o
memory.o
semaphore.o
timer.o
mail.o
kernel.o
boot.o
error.o
cpu_timer.o
c:\programs\embedded\avr\gnu\avr\lib\crts8515.o
(c:\programs\embedded\avr\gnu\lib\gcc-lib\avr\3.3.1\libgcc.a)_mulhi3.o
(c:\programs\embedded\avr\gnu\lib\gcc-lib\avr\3.3.1\libgcc.a)_exit.o
(c:\programs\embedded\avr\gnu\lib\gcc-lib\avr\3.3.1\libgcc.a)_copy_data.o
(c:\programs\embedded\avr\gnu\lib\gcc-lib\avr\3.3.1\libgcc.a)_clear_bss.o
OK

CONVERTING...
RUNNING [avr-objcopy.exe --input-target=elf32-avr --output-target=ihex -j .vectors -j .text --verbose presto.elf presto.hex]

copy from presto.elf(elf32-avr) to presto.hex(ihex)
OK


--------------------- SHOW THE RESULTS ---------------------

RUNNING [dir obj\avr8515\presto.elf > presto.dir]

 Directory of C:\alan\projects\presto\work\obj\avr8515
PRESTO   ELF        44,372  11-29-03 10:11p presto.elf

GENERATING LISTING...
RUNNING [avr-objdump.exe --disassemble-all --architecture=avr:2 presto.elf > presto.lst]

OK

MEMORY USAGE
------------
RUNNING [avr-objdump.exe -h obj\avr8515\presto.elf > headers.txt]

