
------------------------ PREPARING ------------------------

deleting old target file...OK
creating object directory...OK
remembering build directory...OK

---------------------- CONFIGURATION ----------------------

setting up project...OK
setting up compiler...OK
setting up linker...OK

----------------- COMPILING AND ASSEMBLING -----------------

NO WORK ON app\stress_test.c
NO WORK ON presto\cpu\boot.c
NO WORK ON presto\cpu\crt0.s
NO WORK ON presto\cpu\error.c
NO WORK ON presto\cpu\hwtimer.c
NO WORK ON presto\cpu\intvect.c
NO WORK ON presto\kernel\clock.c
NO WORK ON presto\kernel\kernel.c
NO WORK ON presto\kernel\mail.c
NO WORK ON presto\kernel\memory.c
NO WORK ON presto\kernel\semaphore.c
NO WORK ON presto\kernel\timer.c
NO WORK ON services\serial.c
NO WORK ON services\string.c

------------------------- LINKING -------------------------

LINKING...
OK

CONVERTING...
OK


--------------------- SHOW THE RESULTS ---------------------

