   1                 	;;;-----------------------------------------
   2                 	;;; Start MC68HC11 gcc assembly output
   3                 	;;; gcc compiler 3.0.4 m68hc1x-20020922
   4                 	;;; Command:	cc1 -lang-c -I\alan\play\hc11\presto -I. -iprefix c:\programs\hc11\gnu-m6811-elf\bin\.
   5                 	;;; Compiled:	Thu Oct 10 23:49:37 2002
   6                 	;;; (META)compiled by GNU C version 2.95.2 19991024 (release).
   7                 	;;;-----------------------------------------
   8                 		.file	"debug.c"
   9                 		.mode mshort
  10                 		.sect	.text
  11                 		.globl	presto_fatal_error
  12                 		.type	presto_fatal_error,@function
  13                 	presto_fatal_error:
  14 0000 3C          		pshx
  15 0001 30          		tsx
  16 0002 E7 00       		stab	0,x
  17                 	; Begin inline assembler code
  18                 	#APP
  19 0004 0F          		sei
  20                 	; End of inline assembler code
  21                 	#NO_APP
  22                 	.L4:
  23 0005 CE 10 00    		ldx	#4096
  24 0008 E6 00       		ldab	0,x
  25 000a C8 08       		eorb	#8
  26 000c E7 00       		stab	0,x
  27                 	.L5:
  28 000e 30          		tsx
  29 000f 6A 01       		dec	1,x
  30 0011 E6 01       		ldab	1,x
  31 0013 C1 00       		cmpb	#0
  32 0015 26 02       		bne	.L7
  33 0017 20 EC       		bra	.L4
  34                 	.L7:
  35 0019 30          		tsx
  36 001a E6 01       		ldab	1,x
  37 001c C4 01       		andb	#1
  38 001e C1 00       		cmpb	#0
  39 0020 27 11       		beq	.L8
  40 0022 E6 00       		ldab	0,x
  41 0024 C4 0F       		andb	#15
  42 0026 58          		aslb
  43 0027 58          		aslb
  44 0028 58          		aslb
  45 0029 58          		aslb
  46 002a C4 F0       		andb	#-16
  47 002c CE 7F FF    		ldx	#32767
  48 002f E7 00       		stab	0,x
  49 0031 20 DB       		bra	.L5
  50                 	.L8:
  51 0033 30          		tsx
  52 0034 E6 00       		ldab	0,x
  53 0036 C4 F0       		andb	#240
  54 0038 CA 0F       		orab	#15
  55 003a CE 7F FF    		ldx	#32767
  56 003d E7 00       		stab	0,x
  57 003f 20 CD       		bra	.L5
  58                 	.Lfe1:
  59                 		.size	presto_fatal_error,.Lfe1-presto_fatal_error
  60                 		.ident	"GCC: (GNU) 3.0.4 m68hc1x-20020922"
DEFINED SYMBOLS
                            *ABS*:00000000 debug.c
C:\WIN98\TEMP\cczsligb.s:13     .text:00000000 presto_fatal_error
C:\WIN98\TEMP\cczsligb.s:22     .text:00000005 .L4
C:\WIN98\TEMP\cczsligb.s:27     .text:0000000e .L5
C:\WIN98\TEMP\cczsligb.s:34     .text:00000019 .L7
C:\WIN98\TEMP\cczsligb.s:50     .text:00000033 .L8
C:\WIN98\TEMP\cczsligb.s:58     .text:00000041 .Lfe1

NO UNDEFINED SYMBOLS
