                         .area memory(abs)
                         .org 0xbfd6
 BFD6                 _special_interrupt_vectors::
 BFD6 0000              .word _inert_sci_isr
 BFD8 0000              .word _inert_spi_isr
 BFDA 0000              .word _inert_paie_isr
 BFDC 0000              .word _inert_pao_isr
 BFDE 0000              .word _inert_tof_isr
 BFE0 0000              .word _inert_toc5_isr
 BFE2 0000              .word _inert_toc4_isr
 BFE4 0000              .word _inert_toc3_isr
 BFE6 0000              .word _inert_toc2_isr
 BFE8 0000              .word _inert_toc1_isr
 BFEA 0000              .word _inert_tic3_isr
 BFEC 0000              .word _inert_tic2_isr
 BFEE 0000              .word _inert_tic1_isr
 BFF0 0000              .word _inert_rti_isr
 BFF2 0000              .word _inert_irq_isr
 BFF4 0000              .word _inert_xirq_isr
 BFF6 0000              .word _inert_swi_isr
 BFF8 0000              .word _inert_illop_isr
 BFFA 0000              .word _inert_cop_isr
 BFFC 0000              .word _inert_clm_isr
 BFFE 0000              .word __start
                         .area data
