   1                 	;;;-----------------------------------------
   2                 	;;; Start MC68HC11 gcc assembly output
   3                 	;;; gcc compiler 3.0.4 m68hc1x-20020922
   4                 	;;; Command:	cc1 -lang-c -I\alan\play\hc11\presto -I. -iprefix c:\programs\hc11\gnu-m6811-elf\bin\.
   5                 	;;; Compiled:	Sat Oct 12 23:29:32 2002
   6                 	;;; (META)compiled by GNU C version 2.95.2 19991024 (release).
   7                 	;;;-----------------------------------------
   8                 		.file	"intvect.c"
   9                 		.mode mshort
  10                 		.sect	.text
  11                 		.globl	inert_isr
  12                 		.type	inert_isr,@function
  13                 	inert_isr:
  14                 	; Begin inline assembler code
  15                 	#APP
  16 0000 3B          		rti
  17                 	; End of inline assembler code
  18                 	#NO_APP
  19 0001 39          		rts
  20                 	.Lfe1:
  21                 		.size	inert_isr,.Lfe1-inert_isr
  22                 		.globl	inert_sci_isr
  23                 		.type	inert_sci_isr,@function
  24                 	inert_sci_isr:
  25                 	; Begin inline assembler code
  26                 	#APP
  27 0002 3B          		rti
  28                 	; End of inline assembler code
  29                 	#NO_APP
  30 0003 39          		rts
  31                 	.Lfe2:
  32                 		.size	inert_sci_isr,.Lfe2-inert_sci_isr
  33                 		.globl	inert_spi_isr
  34                 		.type	inert_spi_isr,@function
  35                 	inert_spi_isr:
  36                 	; Begin inline assembler code
  37                 	#APP
  38 0004 3B          		rti
  39                 	; End of inline assembler code
  40                 	#NO_APP
  41 0005 39          		rts
  42                 	.Lfe3:
  43                 		.size	inert_spi_isr,.Lfe3-inert_spi_isr
  44                 		.globl	inert_paie_isr
  45                 		.type	inert_paie_isr,@function
  46                 	inert_paie_isr:
  47                 	; Begin inline assembler code
  48                 	#APP
  49 0006 3B          		rti
  50                 	; End of inline assembler code
  51                 	#NO_APP
  52 0007 39          		rts
  53                 	.Lfe4:
  54                 		.size	inert_paie_isr,.Lfe4-inert_paie_isr
  55                 		.globl	inert_pao_isr
  56                 		.type	inert_pao_isr,@function
  57                 	inert_pao_isr:
  58                 	; Begin inline assembler code
  59                 	#APP
  60 0008 3B          		rti
  61                 	; End of inline assembler code
  62                 	#NO_APP
  63 0009 39          		rts
  64                 	.Lfe5:
  65                 		.size	inert_pao_isr,.Lfe5-inert_pao_isr
  66                 		.globl	inert_tof_isr
  67                 		.type	inert_tof_isr,@function
  68                 	inert_tof_isr:
  69                 	; Begin inline assembler code
  70                 	#APP
  71 000a 3B          		rti
  72                 	; End of inline assembler code
  73                 	#NO_APP
  74 000b 39          		rts
  75                 	.Lfe6:
  76                 		.size	inert_tof_isr,.Lfe6-inert_tof_isr
  77                 		.globl	inert_toc5_isr
  78                 		.type	inert_toc5_isr,@function
  79                 	inert_toc5_isr:
  80                 	; Begin inline assembler code
  81                 	#APP
  82 000c 3B          		rti
  83                 	; End of inline assembler code
  84                 	#NO_APP
  85 000d 39          		rts
  86                 	.Lfe7:
  87                 		.size	inert_toc5_isr,.Lfe7-inert_toc5_isr
  88                 		.globl	inert_toc4_isr
  89                 		.type	inert_toc4_isr,@function
  90                 	inert_toc4_isr:
  91                 	; Begin inline assembler code
  92                 	#APP
  93 000e 3B          		rti
  94                 	; End of inline assembler code
  95                 	#NO_APP
  96 000f 39          		rts
  97                 	.Lfe8:
  98                 		.size	inert_toc4_isr,.Lfe8-inert_toc4_isr
  99                 		.globl	inert_toc3_isr
 100                 		.type	inert_toc3_isr,@function
 101                 	inert_toc3_isr:
 102                 	; Begin inline assembler code
 103                 	#APP
 104 0010 3B          		rti
 105                 	; End of inline assembler code
 106                 	#NO_APP
 107 0011 39          		rts
 108                 	.Lfe9:
 109                 		.size	inert_toc3_isr,.Lfe9-inert_toc3_isr
 110                 		.globl	inert_toc2_isr
 111                 		.type	inert_toc2_isr,@function
 112                 	inert_toc2_isr:
 113                 	; Begin inline assembler code
 114                 	#APP
 115 0012 3B          		rti
 116                 	; End of inline assembler code
 117                 	#NO_APP
 118 0013 39          		rts
 119                 	.Lfe10:
 120                 		.size	inert_toc2_isr,.Lfe10-inert_toc2_isr
 121                 		.globl	inert_toc1_isr
 122                 		.type	inert_toc1_isr,@function
 123                 	inert_toc1_isr:
 124                 	; Begin inline assembler code
 125                 	#APP
 126 0014 3B          		rti
 127                 	; End of inline assembler code
 128                 	#NO_APP
 129 0015 39          		rts
 130                 	.Lfe11:
 131                 		.size	inert_toc1_isr,.Lfe11-inert_toc1_isr
 132                 		.globl	inert_tic3_isr
 133                 		.type	inert_tic3_isr,@function
 134                 	inert_tic3_isr:
 135                 	; Begin inline assembler code
 136                 	#APP
 137 0016 3B          		rti
 138                 	; End of inline assembler code
 139                 	#NO_APP
 140 0017 39          		rts
 141                 	.Lfe12:
 142                 		.size	inert_tic3_isr,.Lfe12-inert_tic3_isr
 143                 		.globl	inert_tic2_isr
 144                 		.type	inert_tic2_isr,@function
 145                 	inert_tic2_isr:
 146                 	; Begin inline assembler code
 147                 	#APP
 148 0018 3B          		rti
 149                 	; End of inline assembler code
 150                 	#NO_APP
 151 0019 39          		rts
 152                 	.Lfe13:
 153                 		.size	inert_tic2_isr,.Lfe13-inert_tic2_isr
 154                 		.globl	inert_tic1_isr
 155                 		.type	inert_tic1_isr,@function
 156                 	inert_tic1_isr:
 157                 	; Begin inline assembler code
 158                 	#APP
 159 001a 3B          		rti
 160                 	; End of inline assembler code
 161                 	#NO_APP
 162 001b 39          		rts
 163                 	.Lfe14:
 164                 		.size	inert_tic1_isr,.Lfe14-inert_tic1_isr
 165                 		.globl	inert_rti_isr
 166                 		.type	inert_rti_isr,@function
 167                 	inert_rti_isr:
 168                 	; Begin inline assembler code
 169                 	#APP
 170 001c 3B          		rti
 171                 	; End of inline assembler code
 172                 	#NO_APP
 173 001d 39          		rts
 174                 	.Lfe15:
 175                 		.size	inert_rti_isr,.Lfe15-inert_rti_isr
 176                 		.globl	inert_irq_isr
 177                 		.type	inert_irq_isr,@function
 178                 	inert_irq_isr:
 179                 	; Begin inline assembler code
 180                 	#APP
 181 001e 3B          		rti
 182                 	; End of inline assembler code
 183                 	#NO_APP
 184 001f 39          		rts
 185                 	.Lfe16:
 186                 		.size	inert_irq_isr,.Lfe16-inert_irq_isr
 187                 		.globl	inert_xirq_isr
 188                 		.type	inert_xirq_isr,@function
 189                 	inert_xirq_isr:
 190                 	; Begin inline assembler code
 191                 	#APP
 192 0020 3B          		rti
 193                 	; End of inline assembler code
 194                 	#NO_APP
 195 0021 39          		rts
 196                 	.Lfe17:
 197                 		.size	inert_xirq_isr,.Lfe17-inert_xirq_isr
 198                 		.globl	inert_swi_isr
 199                 		.type	inert_swi_isr,@function
 200                 	inert_swi_isr:
 201                 	; Begin inline assembler code
 202                 	#APP
 203 0022 3B          		rti
 204                 	; End of inline assembler code
 205                 	#NO_APP
 206 0023 39          		rts
 207                 	.Lfe18:
 208                 		.size	inert_swi_isr,.Lfe18-inert_swi_isr
 209                 		; extern	presto_fatal_error
 210                 		.globl	inert_illop_isr
 211                 		.type	inert_illop_isr,@function
 212                 	inert_illop_isr:
 213 0024 4F          		clra
 214 0025 5F          		clrb
 215 0026 BD 00 00    		bsr	presto_fatal_error
 216 0029 39          		rts
 217                 	.Lfe19:
 218                 		.size	inert_illop_isr,.Lfe19-inert_illop_isr
 219                 		.globl	inert_cop_isr
 220                 		.type	inert_cop_isr,@function
 221                 	inert_cop_isr:
 222                 	; Begin inline assembler code
 223                 	#APP
 224 002a 3B          		rti
 225                 	; End of inline assembler code
 226                 	#NO_APP
 227 002b 39          		rts
 228                 	.Lfe20:
 229                 		.size	inert_cop_isr,.Lfe20-inert_cop_isr
 230                 		.globl	inert_clm_isr
 231                 		.type	inert_clm_isr,@function
 232                 	inert_clm_isr:
 233                 	; Begin inline assembler code
 234                 	#APP
 235 002c 3B          		rti
 236                 	; End of inline assembler code
 237                 	#NO_APP
 238 002d 39          		rts
 239                 	.Lfe21:
 240                 		.size	inert_clm_isr,.Lfe21-inert_clm_isr
 241                 		.globl	inert_reset_isr
 242                 		.type	inert_reset_isr,@function
 243                 	inert_reset_isr:
 244                 	; Begin inline assembler code
 245                 	#APP
 246 002e 3B          		rti
 247                 	; End of inline assembler code
 248                 	#NO_APP
 249 002f 39          		rts
 250                 	.Lfe22:
 251                 		.size	inert_reset_isr,.Lfe22-inert_reset_isr
 252                 		; extern	_start
 253                 		.section	.specvect,"aw",@progbits
 254                 		.type	special_interrupt_vectors,@object
 255                 		.size	special_interrupt_vectors,42
 256                 	special_interrupt_vectors:
 257 0000 00 00       		.word	inert_sci_isr
 258 0002 00 00       		.word	inert_spi_isr
 259 0004 00 00       		.word	inert_paie_isr
 260 0006 00 00       		.word	inert_pao_isr
 261 0008 00 00       		.word	inert_tof_isr
 262 000a 00 00       		.word	inert_toc5_isr
 263 000c 00 00       		.word	inert_toc4_isr
 264 000e 00 00       		.word	inert_toc3_isr
 265 0010 00 00       		.word	inert_toc2_isr
 266 0012 00 00       		.word	inert_toc1_isr
 267 0014 00 00       		.word	inert_tic3_isr
 268 0016 00 00       		.word	inert_tic2_isr
 269 0018 00 00       		.word	inert_tic1_isr
 270 001a 00 00       		.word	inert_rti_isr
 271 001c 00 00       		.word	inert_irq_isr
 272 001e 00 00       		.word	inert_xirq_isr
 273 0020 00 00       		.word	inert_swi_isr
 274 0022 00 00       		.word	inert_illop_isr
 275 0024 00 00       		.word	inert_cop_isr
 276 0026 00 00       		.word	inert_clm_isr
 277 0028 00 00       		.word	_start
 278                 		.section	.normvect,"aw",@progbits
 279                 		.type	normal_interrupt_vectors,@object
 280                 		.size	normal_interrupt_vectors,42
 281                 	normal_interrupt_vectors:
 282 0000 00 00       		.word	inert_sci_isr
 283 0002 00 00       		.word	inert_spi_isr
 284 0004 00 00       		.word	inert_paie_isr
 285 0006 00 00       		.word	inert_pao_isr
 286 0008 00 00       		.word	inert_tof_isr
 287 000a 00 00       		.word	inert_toc5_isr
 288 000c 00 00       		.word	inert_toc4_isr
 289 000e 00 00       		.word	inert_toc3_isr
 290 0010 00 00       		.word	inert_toc2_isr
 291 0012 00 00       		.word	inert_toc1_isr
 292 0014 00 00       		.word	inert_tic3_isr
 293 0016 00 00       		.word	inert_tic2_isr
 294 0018 00 00       		.word	inert_tic1_isr
 295 001a 00 00       		.word	inert_rti_isr
 296 001c 00 00       		.word	inert_irq_isr
 297 001e 00 00       		.word	inert_xirq_isr
 298 0020 00 00       		.word	inert_swi_isr
 299 0022 00 00       		.word	inert_illop_isr
 300 0024 00 00       		.word	inert_cop_isr
 301 0026 00 00       		.word	inert_clm_isr
 302 0028 00 00       		.word	inert_reset_isr
 303                 		.sect	.text
 304                 		.globl	set_interrupt
 305                 		.type	set_interrupt,@function
 306                 	set_interrupt:
 307 0030 34          		des
 308 0031 30          		tsx
 309 0032 E7 00       		stab	0,x
 310 0034 18 30       		tsy
 311 0036 18 E6 00    		ldab	0,y
 312 0039 C1 14       		cmpb	#20
 313 003b 22 12       		bhi	.L24
 314 003d 4F          		clra
 315 003e E6 00       		ldab	0,x
 316 0040 05          		asld
 317 0041 C3 00 00    		addd	#normal_interrupt_vectors
 318 0044 CD EE 03    		ldx	3,y
 319 0047 DD 00       		std	*_.tmp
 320 0049 18 DE 00    		ldy	*_.tmp
 321 004c CD EF 00    		stx	0,y
 322                 	.L24:
 323 004f 31          		ins
 324 0050 39          		rts
 325                 	.Lfe23:
 326                 		.size	set_interrupt,.Lfe23-set_interrupt
 327                 		.ident	"GCC: (GNU) 3.0.4 m68hc1x-20020922"
DEFINED SYMBOLS
                            *ABS*:00000000 intvect.c
C:\WIN98\TEMP\cc31qjgb.s:13     .text:00000000 inert_isr
C:\WIN98\TEMP\cc31qjgb.s:20     .text:00000002 .Lfe1
C:\WIN98\TEMP\cc31qjgb.s:24     .text:00000002 inert_sci_isr
C:\WIN98\TEMP\cc31qjgb.s:31     .text:00000004 .Lfe2
C:\WIN98\TEMP\cc31qjgb.s:35     .text:00000004 inert_spi_isr
C:\WIN98\TEMP\cc31qjgb.s:42     .text:00000006 .Lfe3
C:\WIN98\TEMP\cc31qjgb.s:46     .text:00000006 inert_paie_isr
C:\WIN98\TEMP\cc31qjgb.s:53     .text:00000008 .Lfe4
C:\WIN98\TEMP\cc31qjgb.s:57     .text:00000008 inert_pao_isr
C:\WIN98\TEMP\cc31qjgb.s:64     .text:0000000a .Lfe5
C:\WIN98\TEMP\cc31qjgb.s:68     .text:0000000a inert_tof_isr
C:\WIN98\TEMP\cc31qjgb.s:75     .text:0000000c .Lfe6
C:\WIN98\TEMP\cc31qjgb.s:79     .text:0000000c inert_toc5_isr
C:\WIN98\TEMP\cc31qjgb.s:86     .text:0000000e .Lfe7
C:\WIN98\TEMP\cc31qjgb.s:90     .text:0000000e inert_toc4_isr
C:\WIN98\TEMP\cc31qjgb.s:97     .text:00000010 .Lfe8
C:\WIN98\TEMP\cc31qjgb.s:101    .text:00000010 inert_toc3_isr
C:\WIN98\TEMP\cc31qjgb.s:108    .text:00000012 .Lfe9
C:\WIN98\TEMP\cc31qjgb.s:112    .text:00000012 inert_toc2_isr
C:\WIN98\TEMP\cc31qjgb.s:119    .text:00000014 .Lfe10
C:\WIN98\TEMP\cc31qjgb.s:123    .text:00000014 inert_toc1_isr
C:\WIN98\TEMP\cc31qjgb.s:130    .text:00000016 .Lfe11
C:\WIN98\TEMP\cc31qjgb.s:134    .text:00000016 inert_tic3_isr
C:\WIN98\TEMP\cc31qjgb.s:141    .text:00000018 .Lfe12
C:\WIN98\TEMP\cc31qjgb.s:145    .text:00000018 inert_tic2_isr
C:\WIN98\TEMP\cc31qjgb.s:152    .text:0000001a .Lfe13
C:\WIN98\TEMP\cc31qjgb.s:156    .text:0000001a inert_tic1_isr
C:\WIN98\TEMP\cc31qjgb.s:163    .text:0000001c .Lfe14
C:\WIN98\TEMP\cc31qjgb.s:167    .text:0000001c inert_rti_isr
C:\WIN98\TEMP\cc31qjgb.s:174    .text:0000001e .Lfe15
C:\WIN98\TEMP\cc31qjgb.s:178    .text:0000001e inert_irq_isr
C:\WIN98\TEMP\cc31qjgb.s:185    .text:00000020 .Lfe16
C:\WIN98\TEMP\cc31qjgb.s:189    .text:00000020 inert_xirq_isr
C:\WIN98\TEMP\cc31qjgb.s:196    .text:00000022 .Lfe17
C:\WIN98\TEMP\cc31qjgb.s:200    .text:00000022 inert_swi_isr
C:\WIN98\TEMP\cc31qjgb.s:207    .text:00000024 .Lfe18
C:\WIN98\TEMP\cc31qjgb.s:212    .text:00000024 inert_illop_isr
C:\WIN98\TEMP\cc31qjgb.s:217    .text:0000002a .Lfe19
C:\WIN98\TEMP\cc31qjgb.s:221    .text:0000002a inert_cop_isr
C:\WIN98\TEMP\cc31qjgb.s:228    .text:0000002c .Lfe20
C:\WIN98\TEMP\cc31qjgb.s:232    .text:0000002c inert_clm_isr
C:\WIN98\TEMP\cc31qjgb.s:239    .text:0000002e .Lfe21
C:\WIN98\TEMP\cc31qjgb.s:243    .text:0000002e inert_reset_isr
C:\WIN98\TEMP\cc31qjgb.s:250    .text:00000030 .Lfe22
C:\WIN98\TEMP\cc31qjgb.s:256    .specvect:00000000 special_interrupt_vectors
C:\WIN98\TEMP\cc31qjgb.s:281    .normvect:00000000 normal_interrupt_vectors
C:\WIN98\TEMP\cc31qjgb.s:306    .text:00000030 set_interrupt
C:\WIN98\TEMP\cc31qjgb.s:322    .text:0000004f .L24
C:\WIN98\TEMP\cc31qjgb.s:325    .text:00000051 .Lfe23

UNDEFINED SYMBOLS
presto_fatal_error
_start
_.tmp
