   1                 	;;;-----------------------------------------
   2                 	;;; Start MC68HC11 gcc assembly output
   3                 	;;; gcc compiler 3.0.4 m68hc1x-20020922
   4                 	;;; Command:	cc1 -lang-c -I\alan\play\hc11\presto -I. -iprefix c:\programs\hc11\gnu-m6811-elf\bin\.
   5                 	;;; Compiled:	Sat Oct 12 23:29:28 2002
   6                 	;;; (META)compiled by GNU C version 2.95.2 19991024 (release).
   7                 	;;;-----------------------------------------
   8                 		.file	"locks.c"
   9                 		.mode mshort
  10                 		.sect	.text
  11                 		.globl	presto_lock
  12                 		.type	presto_lock,@function
  13                 	presto_lock:
  14 0000 3C          		pshx
  15                 	; Begin inline assembler code
  16                 	#APP
  17 0001 07          		tpa
  18 0002 0F          		sei
  19                 	; End of inline assembler code
  20                 	#NO_APP
  21 0003 30          		tsx
  22 0004 ED 00       		std	0,x
  23 0006 EC 00       		ldd	0,x
  24 0008 38          		pulx
  25 0009 39          		rts
  26                 	.Lfe1:
  27                 		.size	presto_lock,.Lfe1-presto_lock
  28                 		.globl	presto_unlock_all
  29                 		.type	presto_unlock_all,@function
  30                 	presto_unlock_all:
  31                 	; Begin inline assembler code
  32                 	#APP
  33 000a 0E          		cli
  34                 	; End of inline assembler code
  35                 	#NO_APP
  36 000b 39          		rts
  37                 	.Lfe2:
  38                 		.size	presto_unlock_all,.Lfe2-presto_unlock_all
  39                 		.globl	presto_restore_lock
  40                 		.type	presto_restore_lock,@function
  41                 	presto_restore_lock:
  42                 	; Begin inline assembler code
  43                 	#APP
  44 000c 06          		tap
  45                 	; End of inline assembler code
  46                 	#NO_APP
  47 000d 39          		rts
  48                 	.Lfe3:
  49                 		.size	presto_restore_lock,.Lfe3-presto_restore_lock
  50                 		.globl	presto_interruption_point
  51                 		.type	presto_interruption_point,@function
  52                 	presto_interruption_point:
  53                 	; Begin inline assembler code
  54                 	#APP
  55 000e 0E          		cli
  56 000f 01          		nop
  57 0010 0F          		sei
  58                 	; End of inline assembler code
  59                 	#NO_APP
  60 0011 39          		rts
  61                 	.Lfe4:
  62                 		.size	presto_interruption_point,.Lfe4-presto_interruption_point
  63                 		.ident	"GCC: (GNU) 3.0.4 m68hc1x-20020922"
DEFINED SYMBOLS
                            *ABS*:00000000 locks.c
C:\WIN98\TEMP\cc31qjgb.s:13     .text:00000000 presto_lock
C:\WIN98\TEMP\cc31qjgb.s:26     .text:0000000a .Lfe1
C:\WIN98\TEMP\cc31qjgb.s:30     .text:0000000a presto_unlock_all
C:\WIN98\TEMP\cc31qjgb.s:37     .text:0000000c .Lfe2
C:\WIN98\TEMP\cc31qjgb.s:41     .text:0000000c presto_restore_lock
C:\WIN98\TEMP\cc31qjgb.s:48     .text:0000000e .Lfe3
C:\WIN98\TEMP\cc31qjgb.s:52     .text:0000000e presto_interruption_point
C:\WIN98\TEMP\cc31qjgb.s:61     .text:00000012 .Lfe4

NO UNDEFINED SYMBOLS
