   1                 	;;;-----------------------------------------
   2                 	;;; Start MC68HC11 gcc assembly output
   3                 	;;; gcc compiler 3.0.4 m68hc1x-20020922
   4                 	;;; Command:	cc1 -lang-c -I\alan\play\hc11\presto -I. -iprefix c:\programs\hc11\gnu-m6811-elf\bin\.
   5                 	;;; Compiled:	Thu Oct 10 23:49:36 2002
   6                 	;;; (META)compiled by GNU C version 2.95.2 19991024 (release).
   7                 	;;;-----------------------------------------
   8                 		.file	"system.c"
   9                 		.mode mshort
  10                 		.sect	.text
  11                 		.globl	__premain
  12                 		.type	__premain,@function
  13                 	__premain:
  14                 	; Begin inline assembler code
  15                 	#APP
  16 0000 0F          		sei
  17                 	; End of inline assembler code
  18                 	#NO_APP
  19 0001 CE 10 3D    		ldx	#4157
  20 0004 C6 01       		ldab	#1
  21 0006 E7 00       		stab	0,x
  22 0008 CE 10 39    		ldx	#4153
  23 000b C6 A0       		ldab	#160
  24 000d E7 00       		stab	0,x
  25 000f CE 10 22    		ldx	#4130
  26 0012 6F 00       		clr	0,x
  27 0014 CE 10 24    		ldx	#4132
  28 0017 6F 00       		clr	0,x
  29 0019 CE 10 28    		ldx	#4136
  30 001c C6 04       		ldab	#4
  31 001e E7 00       		stab	0,x
  32 0020 CE 10 2D    		ldx	#4141
  33 0023 6F 00       		clr	0,x
  34 0025 CE 10 02    		ldx	#4098
  35 0028 6F 00       		clr	0,x
  36 002a CE 10 3F    		ldx	#4159
  37 002d C6 0C       		ldab	#12
  38 002f E7 00       		stab	0,x
  39 0031 CE 10 3C    		ldx	#4156
  40 0034 C6 25       		ldab	#37
  41 0036 E7 00       		stab	0,x
  42 0038 39          		rts
  43                 	.Lfe1:
  44                 		.size	__premain,.Lfe1-__premain
  45                 		.globl	exit
  46                 		.type	exit,@function
  47                 	exit:
  48 0039 3C          		pshx
  49 003a 30          		tsx
  50 003b ED 00       		std	0,x
  51                 	.L3:
  52 003d 20 FE       		bra	.L3
  53                 	.Lfe2:
  54                 		.size	exit,.Lfe2-exit
  55                 		.ident	"GCC: (GNU) 3.0.4 m68hc1x-20020922"
DEFINED SYMBOLS
                            *ABS*:00000000 system.c
C:\WIN98\TEMP\cczsligb.s:13     .text:00000000 __premain
C:\WIN98\TEMP\cczsligb.s:43     .text:00000039 .Lfe1
C:\WIN98\TEMP\cczsligb.s:47     .text:00000039 exit
C:\WIN98\TEMP\cczsligb.s:51     .text:0000003d .L3
C:\WIN98\TEMP\cczsligb.s:53     .text:0000003f .Lfe2

NO UNDEFINED SYMBOLS
