
presto.elf:     file format elf32-avr

Disassembly of section .vectors:

00000000 <vector_table>:
   0:	b2 c5       	rjmp	.+2916   	; 0xb66
   2:	ee c4       	rjmp	.+2524   	; 0x9e0
   4:	26 c0       	rjmp	.+76     	; 0x52
   6:	29 c0       	rjmp	.+82     	; 0x5a
   8:	c5 c1       	rjmp	.+906    	; 0x394
   a:	2b c0       	rjmp	.+86     	; 0x62
   c:	2e c0       	rjmp	.+92     	; 0x6a
   e:	31 c0       	rjmp	.+98     	; 0x72
  10:	34 c0       	rjmp	.+104    	; 0x7a
  12:	37 c0       	rjmp	.+110    	; 0x82
  14:	3a c0       	rjmp	.+116    	; 0x8a
  16:	3d c0       	rjmp	.+122    	; 0x92
  18:	40 c0       	rjmp	.+128    	; 0x9a
Disassembly of section .text:

0000001c <__init>:
  1c:	11 24       	eor	r1, r1
  1e:	1f be       	out	0x3f, r1	; 63
  20:	cf e5       	ldi	r28, 0x5F	; 95
  22:	d2 e0       	ldi	r29, 0x02	; 2
  24:	de bf       	out	0x3e, r29	; 62
  26:	cd bf       	out	0x3d, r28	; 61

00000028 <__do_copy_data>:
  28:	10 e0       	ldi	r17, 0x00	; 0
  2a:	a0 e6       	ldi	r26, 0x60	; 96
  2c:	b0 e0       	ldi	r27, 0x00	; 0
  2e:	ec e8       	ldi	r30, 0x8C	; 140
  30:	fc e0       	ldi	r31, 0x0C	; 12
  32:	03 c0       	rjmp	.+6      	; 0x3a

00000034 <.do_copy_data_loop>:
  34:	c8 95       	lpm
  36:	31 96       	adiw	r30, 0x01	; 1
  38:	0d 92       	st	X+, r0

0000003a <.do_copy_data_start>:
  3a:	a0 36       	cpi	r26, 0x60	; 96
  3c:	b1 07       	cpc	r27, r17
  3e:	d1 f7       	brne	.-12     	; 0x34

00000040 <__do_clear_bss>:
  40:	12 e0       	ldi	r17, 0x02	; 2
  42:	a0 e6       	ldi	r26, 0x60	; 96
  44:	b0 e0       	ldi	r27, 0x00	; 0
  46:	01 c0       	rjmp	.+2      	; 0x4a

00000048 <.do_clear_bss_loop>:
  48:	1d 92       	st	X+, r1

0000004a <.do_clear_bss_start>:
  4a:	a0 35       	cpi	r26, 0x50	; 80
  4c:	b1 07       	cpc	r27, r17
  4e:	e1 f7       	brne	.-8      	; 0x48
  50:	9c c0       	rjmp	.+312    	; 0x18a

00000052 <bad_isr_int1>:
  52:	81 e1       	ldi	r24, 0x11	; 17
  54:	90 e0       	ldi	r25, 0x00	; 0
  56:	c9 d5       	rcall	.+2962   	; 0xbea
  58:	08 95       	ret

0000005a <bad_isr_t1cap>:
  5a:	82 e1       	ldi	r24, 0x12	; 18
  5c:	90 e0       	ldi	r25, 0x00	; 0
  5e:	c5 d5       	rcall	.+2954   	; 0xbea
  60:	08 95       	ret

00000062 <bad_isr_t1cmpb>:
  62:	84 e1       	ldi	r24, 0x14	; 20
  64:	90 e0       	ldi	r25, 0x00	; 0
  66:	c1 d5       	rcall	.+2946   	; 0xbea
  68:	08 95       	ret

0000006a <bad_isr_t1ovf>:
  6a:	85 e1       	ldi	r24, 0x15	; 21
  6c:	90 e0       	ldi	r25, 0x00	; 0
  6e:	bd d5       	rcall	.+2938   	; 0xbea
  70:	08 95       	ret

00000072 <bad_isr_t0ovf>:
  72:	86 e1       	ldi	r24, 0x16	; 22
  74:	90 e0       	ldi	r25, 0x00	; 0
  76:	b9 d5       	rcall	.+2930   	; 0xbea
  78:	08 95       	ret

0000007a <bad_isr_spistc>:
  7a:	87 e1       	ldi	r24, 0x17	; 23
  7c:	90 e0       	ldi	r25, 0x00	; 0
  7e:	b5 d5       	rcall	.+2922   	; 0xbea
  80:	08 95       	ret

00000082 <bad_isr_uartrx>:
  82:	88 e1       	ldi	r24, 0x18	; 24
  84:	90 e0       	ldi	r25, 0x00	; 0
  86:	b1 d5       	rcall	.+2914   	; 0xbea
  88:	08 95       	ret

0000008a <bad_isr_uartudre>:
  8a:	89 e1       	ldi	r24, 0x19	; 25
  8c:	90 e0       	ldi	r25, 0x00	; 0
  8e:	ad d5       	rcall	.+2906   	; 0xbea
  90:	08 95       	ret

00000092 <bad_isr_uarttx>:
  92:	8a e1       	ldi	r24, 0x1A	; 26
  94:	90 e0       	ldi	r25, 0x00	; 0
  96:	a9 d5       	rcall	.+2898   	; 0xbea
  98:	08 95       	ret

0000009a <bad_isr_anacomp>:
  9a:	8b e1       	ldi	r24, 0x1B	; 27
  9c:	90 e0       	ldi	r25, 0x00	; 0
  9e:	a5 d5       	rcall	.+2890   	; 0xbea
  a0:	08 95       	ret

000000a2 <__vector_default>:
  a2:	8c e1       	ldi	r24, 0x1C	; 28
  a4:	90 e0       	ldi	r25, 0x00	; 0
  a6:	a1 d5       	rcall	.+2882   	; 0xbea

000000a8 <led>:
  a8:	8f ef       	ldi	r24, 0xFF	; 255
  aa:	90 e0       	ldi	r25, 0x00	; 0
  ac:	84 d3       	rcall	.+1800   	; 0x7b6

000000ae <.LM3>:
  ae:	80 fd       	sbrc	r24, 0
  b0:	c0 98       	cbi	0x18, 0	; 24

000000b2 <.L5>:
  b2:	81 fd       	sbrc	r24, 1
  b4:	c0 9a       	sbi	0x18, 0	; 24

000000b6 <.L6>:
  b6:	82 fd       	sbrc	r24, 2
  b8:	c1 98       	cbi	0x18, 1	; 24

000000ba <.L7>:
  ba:	83 fd       	sbrc	r24, 3
  bc:	c1 9a       	sbi	0x18, 1	; 24

000000be <.L8>:
  be:	84 fd       	sbrc	r24, 4
  c0:	c2 98       	cbi	0x18, 2	; 24

000000c2 <.L9>:
  c2:	85 ff       	sbrs	r24, 5
  c4:	f1 cf       	rjmp	.-30     	; 0xa8
  c6:	c2 9a       	sbi	0x18, 2	; 24
  c8:	ef cf       	rjmp	.-34     	; 0xa8

000000ca <hgh>:
  ca:	61 e0       	ldi	r22, 0x01	; 1
  cc:	70 e0       	ldi	r23, 0x00	; 0
  ce:	80 91 4e 02 	lds	r24, 0x024E
  d2:	d3 d3       	rcall	.+1958   	; 0x87a

000000d4 <.LM12>:
  d4:	20 e8       	ldi	r18, 0x80	; 128
  d6:	30 e0       	ldi	r19, 0x00	; 0
  d8:	40 e0       	ldi	r20, 0x00	; 0
  da:	50 e0       	ldi	r21, 0x00	; 0
  dc:	62 e3       	ldi	r22, 0x32	; 50
  de:	70 e0       	ldi	r23, 0x00	; 0
  e0:	80 e6       	ldi	r24, 0x60	; 96
  e2:	90 e0       	ldi	r25, 0x00	; 0
  e4:	e6 d0       	rcall	.+460    	; 0x2b2

000000e6 <.LM13>:
  e6:	80 e8       	ldi	r24, 0x80	; 128
  e8:	90 e0       	ldi	r25, 0x00	; 0
  ea:	65 d3       	rcall	.+1738   	; 0x7b6

000000ec <.LM14>:
  ec:	62 e0       	ldi	r22, 0x02	; 2
  ee:	70 e0       	ldi	r23, 0x00	; 0
  f0:	80 91 4e 02 	lds	r24, 0x024E
  f4:	c2 d3       	rcall	.+1924   	; 0x87a

000000f6 <.LM15>:
  f6:	20 e8       	ldi	r18, 0x80	; 128
  f8:	30 e0       	ldi	r19, 0x00	; 0
  fa:	40 e0       	ldi	r20, 0x00	; 0
  fc:	50 e0       	ldi	r21, 0x00	; 0
  fe:	62 ec       	ldi	r22, 0xC2	; 194
 100:	71 e0       	ldi	r23, 0x01	; 1
 102:	80 e6       	ldi	r24, 0x60	; 96
 104:	90 e0       	ldi	r25, 0x00	; 0
 106:	d5 d0       	rcall	.+426    	; 0x2b2

00000108 <.LM16>:
 108:	80 e8       	ldi	r24, 0x80	; 128
 10a:	90 e0       	ldi	r25, 0x00	; 0
 10c:	54 d3       	rcall	.+1704   	; 0x7b6
 10e:	dd cf       	rjmp	.-70     	; 0xca

00000110 <med>:
 110:	20 e8       	ldi	r18, 0x80	; 128
 112:	30 e0       	ldi	r19, 0x00	; 0
 114:	44 e6       	ldi	r20, 0x64	; 100
 116:	50 e0       	ldi	r21, 0x00	; 0
 118:	75 2f       	mov	r23, r21
 11a:	64 2f       	mov	r22, r20
 11c:	8d e6       	ldi	r24, 0x6D	; 109
 11e:	90 e0       	ldi	r25, 0x00	; 0
 120:	c8 d0       	rcall	.+400    	; 0x2b2

00000122 <.L22>:
 122:	64 e0       	ldi	r22, 0x04	; 4
 124:	70 e0       	ldi	r23, 0x00	; 0
 126:	80 91 4e 02 	lds	r24, 0x024E
 12a:	a7 d3       	rcall	.+1870   	; 0x87a

0000012c <.LM21>:
 12c:	80 e8       	ldi	r24, 0x80	; 128
 12e:	90 e0       	ldi	r25, 0x00	; 0
 130:	42 d3       	rcall	.+1668   	; 0x7b6

00000132 <.LM22>:
 132:	68 e0       	ldi	r22, 0x08	; 8
 134:	70 e0       	ldi	r23, 0x00	; 0
 136:	80 91 4e 02 	lds	r24, 0x024E
 13a:	9f d3       	rcall	.+1854   	; 0x87a

0000013c <.LM23>:
 13c:	80 e8       	ldi	r24, 0x80	; 128
 13e:	90 e0       	ldi	r25, 0x00	; 0
 140:	3a d3       	rcall	.+1652   	; 0x7b6
 142:	ef cf       	rjmp	.-34     	; 0x122

00000144 <low>:
 144:	60 e1       	ldi	r22, 0x10	; 16
 146:	70 e0       	ldi	r23, 0x00	; 0
 148:	80 91 4e 02 	lds	r24, 0x024E
 14c:	96 d3       	rcall	.+1836   	; 0x87a

0000014e <.LM27>:
 14e:	20 e8       	ldi	r18, 0x80	; 128
 150:	30 e0       	ldi	r19, 0x00	; 0
 152:	40 e0       	ldi	r20, 0x00	; 0
 154:	50 e0       	ldi	r21, 0x00	; 0
 156:	64 ef       	ldi	r22, 0xF4	; 244
 158:	71 e0       	ldi	r23, 0x01	; 1
 15a:	8a e7       	ldi	r24, 0x7A	; 122
 15c:	90 e0       	ldi	r25, 0x00	; 0
 15e:	a9 d0       	rcall	.+338    	; 0x2b2

00000160 <.LM28>:
 160:	80 e8       	ldi	r24, 0x80	; 128
 162:	90 e0       	ldi	r25, 0x00	; 0
 164:	28 d3       	rcall	.+1616   	; 0x7b6

00000166 <.LM29>:
 166:	60 e2       	ldi	r22, 0x20	; 32
 168:	70 e0       	ldi	r23, 0x00	; 0
 16a:	80 91 4e 02 	lds	r24, 0x024E
 16e:	85 d3       	rcall	.+1802   	; 0x87a

00000170 <.LM30>:
 170:	20 e8       	ldi	r18, 0x80	; 128
 172:	30 e0       	ldi	r19, 0x00	; 0
 174:	40 e0       	ldi	r20, 0x00	; 0
 176:	50 e0       	ldi	r21, 0x00	; 0
 178:	6a ef       	ldi	r22, 0xFA	; 250
 17a:	70 e0       	ldi	r23, 0x00	; 0
 17c:	8a e7       	ldi	r24, 0x7A	; 122
 17e:	90 e0       	ldi	r25, 0x00	; 0
 180:	98 d0       	rcall	.+304    	; 0x2b2

00000182 <.LM31>:
 182:	80 e8       	ldi	r24, 0x80	; 128
 184:	90 e0       	ldi	r25, 0x00	; 0
 186:	17 d3       	rcall	.+1582   	; 0x7b6
 188:	dd cf       	rjmp	.-70     	; 0x144

0000018a <main>:
 18a:	cf e5       	ldi	r28, 0x5F	; 95
 18c:	d2 e0       	ldi	r29, 0x02	; 2
 18e:	de bf       	out	0x3e, r29	; 62
 190:	cd bf       	out	0x3d, r28	; 61

00000192 <.LM34>:
 192:	e0 d1       	rcall	.+960    	; 0x554

00000194 <.LM35>:
 194:	29 e1       	ldi	r18, 0x19	; 25
 196:	41 e4       	ldi	r20, 0x41	; 65
 198:	50 e0       	ldi	r21, 0x00	; 0
 19a:	67 e8       	ldi	r22, 0x87	; 135
 19c:	70 e0       	ldi	r23, 0x00	; 0
 19e:	84 e5       	ldi	r24, 0x54	; 84
 1a0:	90 e0       	ldi	r25, 0x00	; 0
 1a2:	1b d2       	rcall	.+1078   	; 0x5da
 1a4:	80 93 4e 02 	sts	0x024E, r24

000001a8 <.LM36>:
 1a8:	24 e1       	ldi	r18, 0x14	; 20
 1aa:	41 e4       	ldi	r20, 0x41	; 65
 1ac:	50 e0       	ldi	r21, 0x00	; 0
 1ae:	68 ec       	ldi	r22, 0xC8	; 200
 1b0:	70 e0       	ldi	r23, 0x00	; 0
 1b2:	85 e6       	ldi	r24, 0x65	; 101
 1b4:	90 e0       	ldi	r25, 0x00	; 0
 1b6:	11 d2       	rcall	.+1058   	; 0x5da
 1b8:	80 93 4c 02 	sts	0x024C, r24

000001bc <.LM37>:
 1bc:	2f e0       	ldi	r18, 0x0F	; 15
 1be:	41 e4       	ldi	r20, 0x41	; 65
 1c0:	50 e0       	ldi	r21, 0x00	; 0
 1c2:	69 e0       	ldi	r22, 0x09	; 9
 1c4:	71 e0       	ldi	r23, 0x01	; 1
 1c6:	88 e8       	ldi	r24, 0x88	; 136
 1c8:	90 e0       	ldi	r25, 0x00	; 0
 1ca:	07 d2       	rcall	.+1038   	; 0x5da
 1cc:	80 93 4f 02 	sts	0x024F, r24

000001d0 <.LM38>:
 1d0:	2a e0       	ldi	r18, 0x0A	; 10
 1d2:	41 e4       	ldi	r20, 0x41	; 65
 1d4:	50 e0       	ldi	r21, 0x00	; 0
 1d6:	6a e4       	ldi	r22, 0x4A	; 74
 1d8:	71 e0       	ldi	r23, 0x01	; 1
 1da:	82 ea       	ldi	r24, 0xA2	; 162
 1dc:	90 e0       	ldi	r25, 0x00	; 0
 1de:	fd d1       	rcall	.+1018   	; 0x5da
 1e0:	80 93 4d 02 	sts	0x024D, r24

000001e4 <.LM39>:
 1e4:	57 d2       	rcall	.+1198   	; 0x694

000001e6 <.LM40>:
 1e6:	80 e0       	ldi	r24, 0x00	; 0
 1e8:	90 e0       	ldi	r25, 0x00	; 0
 1ea:	17 cf       	rjmp	.-466    	; 0x1a

000001ec <clock_reset>:
 1ec:	f9 2f       	mov	r31, r25
 1ee:	e8 2f       	mov	r30, r24

000001f0 <.LM2>:
 1f0:	10 82       	st	Z, r1
 1f2:	11 82       	std	Z+1, r1	; 0x01

000001f4 <.LM3>:
 1f4:	12 82       	std	Z+2, r1	; 0x02
 1f6:	13 82       	std	Z+3, r1	; 0x03

000001f8 <.LM4>:
 1f8:	14 82       	std	Z+4, r1	; 0x04
 1fa:	15 82       	std	Z+5, r1	; 0x05

000001fc <.LM5>:
 1fc:	08 95       	ret

000001fe <clock_add_ms>:
 1fe:	f9 2f       	mov	r31, r25
 200:	e8 2f       	mov	r30, r24

00000202 <.LBB2>:
 202:	80 81       	ld	r24, Z
 204:	91 81       	ldd	r25, Z+1	; 0x01

00000206 <.LM8>:
 206:	26 2f       	mov	r18, r22
 208:	37 2f       	mov	r19, r23
 20a:	28 0f       	add	r18, r24
 20c:	39 1f       	adc	r19, r25
 20e:	20 83       	st	Z, r18
 210:	31 83       	std	Z+1, r19	; 0x01

00000212 <.LM9>:
 212:	28 17       	cp	r18, r24
 214:	39 07       	cpc	r19, r25
 216:	18 f0       	brcs	.+6      	; 0x21e
 218:	26 17       	cp	r18, r22
 21a:	37 07       	cpc	r19, r23
 21c:	60 f4       	brcc	.+24     	; 0x236

0000021e <.L4>:
 21e:	82 81       	ldd	r24, Z+2	; 0x02
 220:	93 81       	ldd	r25, Z+3	; 0x03
 222:	01 96       	adiw	r24, 0x01	; 1
 224:	82 83       	std	Z+2, r24	; 0x02
 226:	93 83       	std	Z+3, r25	; 0x03

00000228 <.LM11>:
 228:	89 2b       	or	r24, r25
 22a:	29 f4       	brne	.+10     	; 0x236

0000022c <.LM12>:
 22c:	84 81       	ldd	r24, Z+4	; 0x04
 22e:	95 81       	ldd	r25, Z+5	; 0x05
 230:	01 96       	adiw	r24, 0x01	; 1
 232:	84 83       	std	Z+4, r24	; 0x04
 234:	95 83       	std	Z+5, r25	; 0x05

00000236 <.L2>:
 236:	08 95       	ret

00000238 <clock_add_sec>:
 238:	08 95       	ret

0000023a <clock_compare>:
 23a:	cf 93       	push	r28
 23c:	df 93       	push	r29
 23e:	d9 2f       	mov	r29, r25
 240:	c8 2f       	mov	r28, r24

00000242 <.LBB3>:
 242:	43 e0       	ldi	r20, 0x03	; 3
 244:	50 e0       	ldi	r21, 0x00	; 0

00000246 <.L8>:
 246:	41 50       	subi	r20, 0x01	; 1
 248:	50 40       	sbci	r21, 0x00	; 0

0000024a <.LM19>:
 24a:	95 2f       	mov	r25, r21
 24c:	84 2f       	mov	r24, r20
 24e:	84 0f       	add	r24, r20
 250:	95 1f       	adc	r25, r21
 252:	f9 2f       	mov	r31, r25
 254:	e8 2f       	mov	r30, r24
 256:	ec 0f       	add	r30, r28
 258:	fd 1f       	adc	r31, r29
 25a:	b9 2f       	mov	r27, r25
 25c:	a8 2f       	mov	r26, r24
 25e:	a6 0f       	add	r26, r22
 260:	b7 1f       	adc	r27, r23
 262:	20 81       	ld	r18, Z
 264:	31 81       	ldd	r19, Z+1	; 0x01
 266:	8d 91       	ld	r24, X+
 268:	9c 91       	ld	r25, X
 26a:	28 17       	cp	r18, r24
 26c:	39 07       	cpc	r19, r25
 26e:	18 f4       	brcc	.+6      	; 0x276
 270:	8f ef       	ldi	r24, 0xFF	; 255
 272:	9f ef       	ldi	r25, 0xFF	; 255
 274:	1b c0       	rjmp	.+54     	; 0x2ac

00000276 <.L11>:
 276:	95 2f       	mov	r25, r21
 278:	84 2f       	mov	r24, r20
 27a:	84 0f       	add	r24, r20
 27c:	95 1f       	adc	r25, r21
 27e:	f9 2f       	mov	r31, r25
 280:	e8 2f       	mov	r30, r24
 282:	ec 0f       	add	r30, r28
 284:	fd 1f       	adc	r31, r29
 286:	b9 2f       	mov	r27, r25
 288:	a8 2f       	mov	r26, r24
 28a:	a6 0f       	add	r26, r22
 28c:	b7 1f       	adc	r27, r23
 28e:	20 81       	ld	r18, Z
 290:	31 81       	ldd	r19, Z+1	; 0x01
 292:	8d 91       	ld	r24, X+
 294:	9c 91       	ld	r25, X
 296:	82 17       	cp	r24, r18
 298:	93 07       	cpc	r25, r19
 29a:	18 f4       	brcc	.+6      	; 0x2a2
 29c:	81 e0       	ldi	r24, 0x01	; 1
 29e:	90 e0       	ldi	r25, 0x00	; 0
 2a0:	05 c0       	rjmp	.+10     	; 0x2ac

000002a2 <.L10>:
 2a2:	14 16       	cp	r1, r20
 2a4:	15 06       	cpc	r1, r21
 2a6:	7c f2       	brlt	.-98     	; 0x246

000002a8 <.LM22>:
 2a8:	80 e0       	ldi	r24, 0x00	; 0
 2aa:	90 e0       	ldi	r25, 0x00	; 0

000002ac <.L7>:
 2ac:	df 91       	pop	r29
 2ae:	cf 91       	pop	r28
 2b0:	08 95       	ret

000002b2 <presto_timer_start>:
 2b2:	cf 92       	push	r12
 2b4:	df 92       	push	r13
 2b6:	ef 92       	push	r14
 2b8:	ff 92       	push	r15
 2ba:	0f 93       	push	r16
 2bc:	1f 93       	push	r17
 2be:	cf 93       	push	r28
 2c0:	df 93       	push	r29
 2c2:	d9 2f       	mov	r29, r25
 2c4:	c8 2f       	mov	r28, r24
 2c6:	06 2f       	mov	r16, r22
 2c8:	17 2f       	mov	r17, r23
 2ca:	e4 2e       	mov	r14, r20
 2cc:	f5 2e       	mov	r15, r21
 2ce:	c2 2e       	mov	r12, r18
 2d0:	d3 2e       	mov	r13, r19

000002d2 <.LM2>:
 2d2:	86 e0       	ldi	r24, 0x06	; 6
 2d4:	fd 2f       	mov	r31, r29
 2d6:	ec 2f       	mov	r30, r28
 2d8:	ad e8       	ldi	r26, 0x8D	; 141
 2da:	b1 e0       	ldi	r27, 0x01	; 1
 2dc:	0d 90       	ld	r0, X+
 2de:	01 92       	st	Z+, r0
 2e0:	8a 95       	dec	r24
 2e2:	e1 f7       	brne	.-8      	; 0x2dc

000002e4 <.LM3>:
 2e4:	8c 2f       	mov	r24, r28
 2e6:	9d 2f       	mov	r25, r29
 2e8:	8a df       	rcall	.-236    	; 0x1fe

000002ea <.LM4>:
 2ea:	ee 82       	std	Y+6, r14	; 0x06
 2ec:	ff 82       	std	Y+7, r15	; 0x07

000002ee <.LM5>:
 2ee:	ec d2       	rcall	.+1496   	; 0x8c8
 2f0:	88 87       	std	Y+8, r24	; 0x08

000002f2 <.LM6>:
 2f2:	c9 86       	std	Y+9, r12	; 0x09
 2f4:	da 86       	std	Y+10, r13	; 0x0a

000002f6 <.LM7>:
 2f6:	01 2b       	or	r16, r17
 2f8:	61 f4       	brne	.+24     	; 0x312

000002fa <.LM8>:
 2fa:	e6 d2       	rcall	.+1484   	; 0x8c8
 2fc:	7d 2d       	mov	r23, r13
 2fe:	6c 2d       	mov	r22, r12
 300:	d3 d2       	rcall	.+1446   	; 0x8a8

00000302 <.LM9>:
 302:	e1 14       	cp	r14, r1
 304:	f1 04       	cpc	r15, r1
 306:	59 f0       	breq	.+22     	; 0x31e

00000308 <.LM10>:
 308:	7f 2d       	mov	r23, r15
 30a:	6e 2d       	mov	r22, r14
 30c:	8c 2f       	mov	r24, r28
 30e:	9d 2f       	mov	r25, r29
 310:	76 df       	rcall	.-276    	; 0x1fe

00000312 <.L2>:
 312:	8c 2f       	mov	r24, r28
 314:	9d 2f       	mov	r25, r29
 316:	e3 d0       	rcall	.+454    	; 0x4de

00000318 <.LM12>:
 318:	8c 2f       	mov	r24, r28
 31a:	9d 2f       	mov	r25, r29
 31c:	9d d0       	rcall	.+314    	; 0x458

0000031e <.L1>:
 31e:	df 91       	pop	r29
 320:	cf 91       	pop	r28
 322:	1f 91       	pop	r17
 324:	0f 91       	pop	r16
 326:	ff 90       	pop	r15
 328:	ef 90       	pop	r14
 32a:	df 90       	pop	r13
 32c:	cf 90       	pop	r12
 32e:	08 95       	ret

00000330 <presto_timer_wait>:
 330:	0f 93       	push	r16
 332:	1f 93       	push	r17
 334:	cf 93       	push	r28
 336:	df 93       	push	r29
 338:	cd b7       	in	r28, 0x3d	; 61
 33a:	de b7       	in	r29, 0x3e	; 62
 33c:	2d 97       	sbiw	r28, 0x0d	; 13
 33e:	0f b6       	in	r0, 0x3f	; 63
 340:	f8 94       	cli
 342:	de bf       	out	0x3e, r29	; 62
 344:	0f be       	out	0x3f, r0	; 63
 346:	cd bf       	out	0x3d, r28	; 61
 348:	06 2f       	mov	r16, r22
 34a:	17 2f       	mov	r17, r23

0000034c <.LBB2>:
 34c:	26 2f       	mov	r18, r22
 34e:	37 2f       	mov	r19, r23
 350:	40 e0       	ldi	r20, 0x00	; 0
 352:	50 e0       	ldi	r21, 0x00	; 0
 354:	68 2f       	mov	r22, r24
 356:	79 2f       	mov	r23, r25
 358:	8c 2f       	mov	r24, r28
 35a:	9d 2f       	mov	r25, r29
 35c:	01 96       	adiw	r24, 0x01	; 1
 35e:	a9 df       	rcall	.-174    	; 0x2b2

00000360 <.LM16>:
 360:	91 2f       	mov	r25, r17
 362:	80 2f       	mov	r24, r16
 364:	28 d2       	rcall	.+1104   	; 0x7b6

00000366 <.LBE2>:
 366:	2d 96       	adiw	r28, 0x0d	; 13
 368:	0f b6       	in	r0, 0x3f	; 63
 36a:	f8 94       	cli
 36c:	de bf       	out	0x3e, r29	; 62
 36e:	0f be       	out	0x3f, r0	; 63
 370:	cd bf       	out	0x3d, r28	; 61
 372:	df 91       	pop	r29
 374:	cf 91       	pop	r28
 376:	1f 91       	pop	r17
 378:	0f 91       	pop	r16
 37a:	08 95       	ret

0000037c <presto_timer_stop>:
 37c:	b0 d0       	rcall	.+352    	; 0x4de

0000037e <.LM20>:
 37e:	08 95       	ret

00000380 <kernel_timer_init>:
 380:	08 95       	ret

00000382 <kernel_master_clock_start>:
 382:	8d e8       	ldi	r24, 0x8D	; 141
 384:	91 e0       	ldi	r25, 0x01	; 1
 386:	32 df       	rcall	.-412    	; 0x1ec

00000388 <.LM25>:
 388:	6a ec       	ldi	r22, 0xCA	; 202
 38a:	71 e0       	ldi	r23, 0x01	; 1
 38c:	82 e0       	ldi	r24, 0x02	; 2
 38e:	90 e0       	ldi	r25, 0x00	; 0
 390:	58 d4       	rcall	.+2224   	; 0xc42

00000392 <.LM26>:
 392:	08 95       	ret

00000394 <timer_isr>:
 394:	78 94       	sei
 396:	1f 92       	push	r1
 398:	0f 92       	push	r0
 39a:	0f b6       	in	r0, 0x3f	; 63
 39c:	0f 92       	push	r0
 39e:	11 24       	eor	r1, r1
 3a0:	0f 93       	push	r16
 3a2:	1f 93       	push	r17
 3a4:	2f 93       	push	r18
 3a6:	3f 93       	push	r19
 3a8:	4f 93       	push	r20
 3aa:	5f 93       	push	r21
 3ac:	6f 93       	push	r22
 3ae:	7f 93       	push	r23
 3b0:	8f 93       	push	r24
 3b2:	9f 93       	push	r25
 3b4:	af 93       	push	r26
 3b6:	bf 93       	push	r27
 3b8:	cf 93       	push	r28
 3ba:	df 93       	push	r29
 3bc:	ef 93       	push	r30
 3be:	ff 93       	push	r31

000003c0 <.LBB3>:
 3c0:	c6 98       	cbi	0x18, 6	; 24

000003c2 <.LM29>:
 3c2:	00 e0       	ldi	r16, 0x00	; 0

000003c4 <.LM30>:
 3c4:	62 e0       	ldi	r22, 0x02	; 2
 3c6:	70 e0       	ldi	r23, 0x00	; 0
 3c8:	8d e8       	ldi	r24, 0x8D	; 141
 3ca:	91 e0       	ldi	r25, 0x01	; 1
 3cc:	18 df       	rcall	.-464    	; 0x1fe

000003ce <.LM31>:
 3ce:	7c d2       	rcall	.+1272   	; 0x8c8
 3d0:	aa d1       	rcall	.+852    	; 0x726
 3d2:	18 2f       	mov	r17, r24

000003d4 <.LM32>:
 3d4:	1e c0       	rjmp	.+60     	; 0x412

000003d6 <.L16>:
 3d6:	c0 91 8b 01 	lds	r28, 0x018B
 3da:	d0 91 8c 01 	lds	r29, 0x018C

000003de <.LM34>:
 3de:	8b 85       	ldd	r24, Y+11	; 0x0b
 3e0:	9c 85       	ldd	r25, Y+12	; 0x0c
 3e2:	90 93 8c 01 	sts	0x018C, r25
 3e6:	80 93 8b 01 	sts	0x018B, r24

000003ea <.LM35>:
 3ea:	69 85       	ldd	r22, Y+9	; 0x09
 3ec:	7a 85       	ldd	r23, Y+10	; 0x0a
 3ee:	88 85       	ldd	r24, Y+8	; 0x08
 3f0:	5b d2       	rcall	.+1206   	; 0x8a8

000003f2 <.LM36>:
 3f2:	6e 81       	ldd	r22, Y+6	; 0x06
 3f4:	7f 81       	ldd	r23, Y+7	; 0x07
 3f6:	61 15       	cp	r22, r1
 3f8:	71 05       	cpc	r23, r1
 3fa:	31 f0       	breq	.+12     	; 0x408

000003fc <.LM37>:
 3fc:	8c 2f       	mov	r24, r28
 3fe:	9d 2f       	mov	r25, r29
 400:	fe de       	rcall	.-516    	; 0x1fe

00000402 <.LM38>:
 402:	8c 2f       	mov	r24, r28
 404:	9d 2f       	mov	r25, r29
 406:	28 d0       	rcall	.+80     	; 0x458

00000408 <.L14>:
 408:	88 85       	ldd	r24, Y+8	; 0x08
 40a:	8d d1       	rcall	.+794    	; 0x726
 40c:	18 17       	cp	r17, r24
 40e:	08 f4       	brcc	.+2      	; 0x412
 410:	0f 5f       	subi	r16, 0xFF	; 255

00000412 <.L18>:
 412:	80 91 8b 01 	lds	r24, 0x018B
 416:	90 91 8c 01 	lds	r25, 0x018C
 41a:	00 97       	sbiw	r24, 0x00	; 0
 41c:	29 f0       	breq	.+10     	; 0x428
 41e:	6d e8       	ldi	r22, 0x8D	; 141
 420:	71 e0       	ldi	r23, 0x01	; 1
 422:	0b df       	rcall	.-490    	; 0x23a
 424:	18 16       	cp	r1, r24
 426:	bc f6       	brge	.-82     	; 0x3d6

00000428 <.L11>:
 428:	c6 9a       	sbi	0x18, 6	; 24

0000042a <.LM41>:
 42a:	01 11       	cpse	r16, r1

0000042c <.LM42>:
 42c:	54 d2       	rcall	.+1192   	; 0x8d6

0000042e <.L9>:
 42e:	ff 91       	pop	r31
 430:	ef 91       	pop	r30
 432:	df 91       	pop	r29
 434:	cf 91       	pop	r28
 436:	bf 91       	pop	r27
 438:	af 91       	pop	r26
 43a:	9f 91       	pop	r25
 43c:	8f 91       	pop	r24
 43e:	7f 91       	pop	r23
 440:	6f 91       	pop	r22
 442:	5f 91       	pop	r21
 444:	4f 91       	pop	r20
 446:	3f 91       	pop	r19
 448:	2f 91       	pop	r18
 44a:	1f 91       	pop	r17
 44c:	0f 91       	pop	r16
 44e:	0f 90       	pop	r0
 450:	0f be       	out	0x3f, r0	; 63
 452:	0f 90       	pop	r0
 454:	1f 90       	pop	r1
 456:	18 95       	reti

00000458 <timer_insert_into_master_list>:
 458:	cf 92       	push	r12
 45a:	df 92       	push	r13
 45c:	ef 92       	push	r14
 45e:	ff 92       	push	r15
 460:	0f 93       	push	r16
 462:	1f 93       	push	r17
 464:	cf 93       	push	r28
 466:	df 93       	push	r29
 468:	08 2f       	mov	r16, r24
 46a:	19 2f       	mov	r17, r25

0000046c <.LBB4>:
 46c:	8f b7       	in	r24, 0x3f	; 63
 46e:	e8 2e       	mov	r14, r24
 470:	ff 24       	eor	r15, r15
 472:	80 e8       	ldi	r24, 0x80	; 128
 474:	e8 22       	and	r14, r24
 476:	ff 24       	eor	r15, r15
 478:	f8 94       	cli

0000047a <.LM46>:
 47a:	0f 2e       	mov	r0, r31
 47c:	fb e8       	ldi	r31, 0x8B	; 139
 47e:	cf 2e       	mov	r12, r31
 480:	f1 e0       	ldi	r31, 0x01	; 1
 482:	df 2e       	mov	r13, r31
 484:	f0 2d       	mov	r31, r0

00000486 <.LM47>:
 486:	c0 91 8b 01 	lds	r28, 0x018B
 48a:	d0 91 8c 01 	lds	r29, 0x018C

0000048e <.L25>:
 48e:	20 97       	sbiw	r28, 0x00	; 0
 490:	91 f0       	breq	.+36     	; 0x4b6
 492:	71 2f       	mov	r23, r17
 494:	60 2f       	mov	r22, r16
 496:	8c 2f       	mov	r24, r28
 498:	9d 2f       	mov	r25, r29
 49a:	cf de       	rcall	.-610    	; 0x23a
 49c:	18 16       	cp	r1, r24
 49e:	5c f0       	brlt	.+22     	; 0x4b6

000004a0 <.LM49>:
 4a0:	0f 2e       	mov	r0, r31
 4a2:	fb e0       	ldi	r31, 0x0B	; 11
 4a4:	cf 2e       	mov	r12, r31
 4a6:	dd 24       	eor	r13, r13
 4a8:	f0 2d       	mov	r31, r0
 4aa:	cc 0e       	add	r12, r28
 4ac:	dd 1e       	adc	r13, r29

000004ae <.LM50>:
 4ae:	0b 84       	ldd	r0, Y+11	; 0x0b
 4b0:	dc 85       	ldd	r29, Y+12	; 0x0c
 4b2:	c0 2d       	mov	r28, r0
 4b4:	ec cf       	rjmp	.-40     	; 0x48e

000004b6 <.L24>:
 4b6:	f1 2f       	mov	r31, r17
 4b8:	e0 2f       	mov	r30, r16
 4ba:	c3 87       	std	Z+11, r28	; 0x0b
 4bc:	d4 87       	std	Z+12, r29	; 0x0c

000004be <.LM52>:
 4be:	fd 2d       	mov	r31, r13
 4c0:	ec 2d       	mov	r30, r12
 4c2:	00 83       	st	Z, r16
 4c4:	11 83       	std	Z+1, r17	; 0x01

000004c6 <.LM53>:
 4c6:	ef 28       	or	r14, r15
 4c8:	09 f0       	breq	.+2      	; 0x4cc
 4ca:	78 94       	sei

000004cc <.L19>:
 4cc:	df 91       	pop	r29
 4ce:	cf 91       	pop	r28
 4d0:	1f 91       	pop	r17
 4d2:	0f 91       	pop	r16
 4d4:	ff 90       	pop	r15
 4d6:	ef 90       	pop	r14
 4d8:	df 90       	pop	r13
 4da:	cf 90       	pop	r12
 4dc:	08 95       	ret

000004de <timer_remove_from_master_list>:
 4de:	cf 93       	push	r28
 4e0:	df 93       	push	r29
 4e2:	b9 2f       	mov	r27, r25
 4e4:	a8 2f       	mov	r26, r24

000004e6 <.LBB5>:
 4e6:	8f b7       	in	r24, 0x3f	; 63
 4e8:	28 2f       	mov	r18, r24
 4ea:	33 27       	eor	r19, r19
 4ec:	20 78       	andi	r18, 0x80	; 128
 4ee:	30 70       	andi	r19, 0x00	; 0
 4f0:	f8 94       	cli

000004f2 <.LM58>:
 4f2:	80 91 8b 01 	lds	r24, 0x018B
 4f6:	90 91 8c 01 	lds	r25, 0x018C
 4fa:	f9 2f       	mov	r31, r25
 4fc:	e8 2f       	mov	r30, r24
 4fe:	8a 17       	cp	r24, r26
 500:	9b 07       	cpc	r25, r27
 502:	59 f4       	brne	.+22     	; 0x51a

00000504 <.L31>:
 504:	83 85       	ldd	r24, Z+11	; 0x0b
 506:	94 85       	ldd	r25, Z+12	; 0x0c
 508:	90 93 8c 01 	sts	0x018C, r25
 50c:	80 93 8b 01 	sts	0x018B, r24
 510:	f9 2f       	mov	r31, r25
 512:	e8 2f       	mov	r30, r24
 514:	8a 17       	cp	r24, r26
 516:	9b 07       	cpc	r25, r27
 518:	a9 f3       	breq	.-22     	; 0x504

0000051a <.L40>:
 51a:	e0 91 8b 01 	lds	r30, 0x018B
 51e:	f0 91 8c 01 	lds	r31, 0x018C

00000522 <.LM61>:
 522:	30 97       	sbiw	r30, 0x00	; 0
 524:	89 f0       	breq	.+34     	; 0x548

00000526 <.L37>:
 526:	83 85       	ldd	r24, Z+11	; 0x0b
 528:	94 85       	ldd	r25, Z+12	; 0x0c
 52a:	8a 17       	cp	r24, r26
 52c:	9b 07       	cpc	r25, r27
 52e:	39 f4       	brne	.+14     	; 0x53e
 530:	1b 96       	adiw	r26, 0x0b	; 11
 532:	8d 91       	ld	r24, X+
 534:	9c 91       	ld	r25, X
 536:	1c 97       	sbiw	r26, 0x0c	; 12
 538:	83 87       	std	Z+11, r24	; 0x0b
 53a:	94 87       	std	Z+12, r25	; 0x0c
 53c:	03 c0       	rjmp	.+6      	; 0x544

0000053e <.L35>:
 53e:	03 84       	ldd	r0, Z+11	; 0x0b
 540:	f4 85       	ldd	r31, Z+12	; 0x0c
 542:	e0 2d       	mov	r30, r0

00000544 <.L32>:
 544:	30 97       	sbiw	r30, 0x00	; 0
 546:	79 f7       	brne	.-34     	; 0x526

00000548 <.L42>:
 548:	23 2b       	or	r18, r19
 54a:	09 f0       	breq	.+2      	; 0x54e
 54c:	78 94       	sei

0000054e <.L27>:
 54e:	df 91       	pop	r29
 550:	cf 91       	pop	r28
 552:	08 95       	ret

00000554 <presto_init>:
 554:	20 91 99 01 	lds	r18, 0x0199
 558:	22 23       	and	r18, r18
 55a:	f1 f5       	brne	.+124    	; 0x5d8

0000055c <.LM3>:
 55c:	42 2f       	mov	r20, r18
 55e:	6a e9       	ldi	r22, 0x9A	; 154
 560:	71 e0       	ldi	r23, 0x01	; 1

00000562 <.L7>:
 562:	24 2f       	mov	r18, r20
 564:	33 27       	eor	r19, r19
 566:	93 2f       	mov	r25, r19
 568:	82 2f       	mov	r24, r18
 56a:	82 95       	swap	r24
 56c:	92 95       	swap	r25
 56e:	90 7f       	andi	r25, 0xF0	; 240
 570:	98 27       	eor	r25, r24
 572:	80 7f       	andi	r24, 0xF0	; 240
 574:	98 27       	eor	r25, r24
 576:	82 1b       	sub	r24, r18
 578:	93 0b       	sbc	r25, r19
 57a:	f9 2f       	mov	r31, r25
 57c:	e8 2f       	mov	r30, r24
 57e:	e6 0f       	add	r30, r22
 580:	f7 1f       	adc	r31, r23
 582:	40 83       	st	Z, r20

00000584 <.LM5>:
 584:	87 55       	subi	r24, 0x57	; 87
 586:	9e 4f       	sbci	r25, 0xFE	; 254
 588:	85 87       	std	Z+13, r24	; 0x0d
 58a:	96 87       	std	Z+14, r25	; 0x0e

0000058c <.LM6>:
 58c:	4f 5f       	subi	r20, 0xFF	; 255
 58e:	47 30       	cpi	r20, 0x07	; 7
 590:	40 f3       	brcs	.-48     	; 0x562

00000592 <.LM7>:
 592:	84 ef       	ldi	r24, 0xF4	; 244
 594:	91 e0       	ldi	r25, 0x01	; 1
 596:	90 93 98 01 	sts	0x0198, r25
 59a:	80 93 97 01 	sts	0x0197, r24

0000059e <.LM8>:
 59e:	8a 55       	subi	r24, 0x5A	; 90
 5a0:	90 40       	sbci	r25, 0x00	; 0
 5a2:	90 93 02 02 	sts	0x0202, r25
 5a6:	80 93 01 02 	sts	0x0201, r24

000005aa <.LM9>:
 5aa:	10 92 f3 01 	sts	0x01F3, r1
 5ae:	10 92 f2 01 	sts	0x01F2, r1

000005b2 <.LM10>:
 5b2:	e6 de       	rcall	.-564    	; 0x380

000005b4 <.LM11>:
 5b4:	81 e0       	ldi	r24, 0x01	; 1
 5b6:	80 93 99 01 	sts	0x0199, r24

000005ba <.LM12>:
 5ba:	20 e0       	ldi	r18, 0x00	; 0
 5bc:	40 e4       	ldi	r20, 0x40	; 64
 5be:	50 e0       	ldi	r21, 0x00	; 0
 5c0:	63 e0       	ldi	r22, 0x03	; 3
 5c2:	72 e0       	ldi	r23, 0x02	; 2
 5c4:	85 e9       	ldi	r24, 0x95	; 149
 5c6:	95 e0       	ldi	r25, 0x05	; 5
 5c8:	08 d0       	rcall	.+16     	; 0x5da
 5ca:	80 93 45 02 	sts	0x0245, r24

000005ce <.LM13>:
 5ce:	b2 d2       	rcall	.+1380   	; 0xb34
 5d0:	90 93 44 02 	sts	0x0244, r25
 5d4:	80 93 43 02 	sts	0x0243, r24

000005d8 <.L1>:
 5d8:	08 95       	ret

000005da <presto_task_create>:
 5da:	af 92       	push	r10
 5dc:	bf 92       	push	r11
 5de:	cf 92       	push	r12
 5e0:	df 92       	push	r13
 5e2:	ff 92       	push	r15
 5e4:	0f 93       	push	r16
 5e6:	1f 93       	push	r17
 5e8:	cf 93       	push	r28
 5ea:	df 93       	push	r29
 5ec:	a8 2e       	mov	r10, r24
 5ee:	b9 2e       	mov	r11, r25
 5f0:	06 2f       	mov	r16, r22
 5f2:	17 2f       	mov	r17, r23
 5f4:	c4 2e       	mov	r12, r20
 5f6:	d5 2e       	mov	r13, r21
 5f8:	f2 2e       	mov	r15, r18

000005fa <.LBB3>:
 5fa:	80 91 99 01 	lds	r24, 0x0199
 5fe:	88 23       	and	r24, r24
 600:	19 f4       	brne	.+6      	; 0x608

00000602 <.LM17>:
 602:	85 e0       	ldi	r24, 0x05	; 5
 604:	90 e0       	ldi	r25, 0x00	; 0
 606:	f1 d2       	rcall	.+1506   	; 0xbea

00000608 <.L11>:
 608:	80 91 97 01 	lds	r24, 0x0197
 60c:	90 91 98 01 	lds	r25, 0x0198
 610:	89 2b       	or	r24, r25
 612:	19 f4       	brne	.+6      	; 0x61a

00000614 <.LM19>:
 614:	89 e0       	ldi	r24, 0x09	; 9
 616:	90 e0       	ldi	r25, 0x00	; 0
 618:	e8 d2       	rcall	.+1488   	; 0xbea

0000061a <.L12>:
 61a:	8f b7       	in	r24, 0x3f	; 63
 61c:	28 2f       	mov	r18, r24
 61e:	33 27       	eor	r19, r19
 620:	20 78       	andi	r18, 0x80	; 128
 622:	30 70       	andi	r19, 0x00	; 0
 624:	f8 94       	cli

00000626 <.LM21>:
 626:	c0 91 97 01 	lds	r28, 0x0197
 62a:	d0 91 98 01 	lds	r29, 0x0198

0000062e <.LM22>:
 62e:	8d 85       	ldd	r24, Y+13	; 0x0d
 630:	9e 85       	ldd	r25, Y+14	; 0x0e
 632:	90 93 98 01 	sts	0x0198, r25
 636:	80 93 97 01 	sts	0x0197, r24

0000063a <.LM23>:
 63a:	23 2b       	or	r18, r19
 63c:	09 f0       	breq	.+2      	; 0x640
 63e:	78 94       	sei

00000640 <.L13>:
 640:	91 2f       	mov	r25, r17
 642:	80 2f       	mov	r24, r16
 644:	8c 0d       	add	r24, r12
 646:	9d 1d       	adc	r25, r13
 648:	f9 2f       	mov	r31, r25
 64a:	e8 2f       	mov	r30, r24
 64c:	31 97       	sbiw	r30, 0x01	; 1
 64e:	eb 83       	std	Y+3, r30	; 0x03
 650:	fc 83       	std	Y+4, r31	; 0x04

00000652 <.LM25>:
 652:	0d 83       	std	Y+5, r16	; 0x05
 654:	1e 83       	std	Y+6, r17	; 0x06

00000656 <.LM26>:
 656:	f8 86       	std	Y+8, r15	; 0x08

00000658 <.LM27>:
 658:	ff 82       	std	Y+7, r15	; 0x07

0000065a <.LM28>:
 65a:	19 86       	std	Y+9, r1	; 0x09
 65c:	1a 86       	std	Y+10, r1	; 0x0a

0000065e <.LM29>:
 65e:	1b 86       	std	Y+11, r1	; 0x0b
 660:	1c 86       	std	Y+12, r1	; 0x0c

00000662 <.LBB4>:
 662:	a0 82       	st	Z, r10
 664:	31 97       	sbiw	r30, 0x01	; 1

00000666 <.LM31>:
 666:	b0 82       	st	Z, r11

00000668 <.LM32>:
 668:	12 92       	st	-Z, r1

0000066a <.LM33>:
 66a:	12 92       	st	-Z, r1

0000066c <.LM34>:
 66c:	12 92       	st	-Z, r1

0000066e <.LM35>:
 66e:	7f 97       	sbiw	r30, 0x1f	; 31

00000670 <.LBE4>:
 670:	e9 83       	std	Y+1, r30	; 0x01
 672:	fa 83       	std	Y+2, r31	; 0x02

00000674 <.LM37>:
 674:	6f 2d       	mov	r22, r15
 676:	8c 2f       	mov	r24, r28
 678:	9d 2f       	mov	r25, r29
 67a:	31 d1       	rcall	.+610    	; 0x8de

0000067c <.LM38>:
 67c:	88 81       	ld	r24, Y
 67e:	99 27       	eor	r25, r25

00000680 <.LBE3>:
 680:	df 91       	pop	r29
 682:	cf 91       	pop	r28
 684:	1f 91       	pop	r17
 686:	0f 91       	pop	r16
 688:	ff 90       	pop	r15
 68a:	df 90       	pop	r13
 68c:	cf 90       	pop	r12
 68e:	bf 90       	pop	r11
 690:	af 90       	pop	r10
 692:	08 95       	ret

00000694 <presto_scheduler_start>:
 694:	f8 94       	cli

00000696 <.LBB6>:
 696:	8b b7       	in	r24, 0x3b	; 59
 698:	8f 7b       	andi	r24, 0xBF	; 191
 69a:	8b bf       	out	0x3b, r24	; 59

0000069c <.LM43>:
 69c:	85 b7       	in	r24, 0x35	; 53
 69e:	83 60       	ori	r24, 0x03	; 3
 6a0:	85 bf       	out	0x35, r24	; 53

000006a2 <.LM44>:
 6a2:	92 98       	cbi	0x12, 2	; 18

000006a4 <.LM45>:
 6a4:	8a 9a       	sbi	0x11, 2	; 17

000006a6 <.LM46>:
 6a6:	8b b7       	in	r24, 0x3b	; 59
 6a8:	80 64       	ori	r24, 0x40	; 64
 6aa:	8b bf       	out	0x3b, r24	; 59

000006ac <.LBE6>:
 6ac:	6a de       	rcall	.-812    	; 0x382

000006ae <.LM48>:
 6ae:	80 91 95 01 	lds	r24, 0x0195
 6b2:	90 91 96 01 	lds	r25, 0x0196
 6b6:	90 93 94 01 	sts	0x0194, r25
 6ba:	80 93 93 01 	sts	0x0193, r24

000006be <.LM49>:
 6be:	89 2b       	or	r24, r25
 6c0:	19 f4       	brne	.+6      	; 0x6c8

000006c2 <.LM50>:
 6c2:	8a e0       	ldi	r24, 0x0A	; 10
 6c4:	90 e0       	ldi	r25, 0x00	; 0
 6c6:	91 d2       	rcall	.+1314   	; 0xbea

000006c8 <.L18>:
 6c8:	e0 91 93 01 	lds	r30, 0x0193
 6cc:	f0 91 94 01 	lds	r31, 0x0194
 6d0:	81 81       	ldd	r24, Z+1	; 0x01
 6d2:	92 81       	ldd	r25, Z+2	; 0x02
 6d4:	9e bf       	out	0x3e, r25	; 62
 6d6:	8d bf       	out	0x3d, r24	; 61

000006d8 <.LM52>:
 6d8:	ff 91       	pop	r31
 6da:	ef 91       	pop	r30
 6dc:	df 91       	pop	r29
 6de:	cf 91       	pop	r28
 6e0:	bf 91       	pop	r27
 6e2:	af 91       	pop	r26
 6e4:	9f 91       	pop	r25
 6e6:	8f 91       	pop	r24
 6e8:	7f 91       	pop	r23
 6ea:	6f 91       	pop	r22
 6ec:	5f 91       	pop	r21
 6ee:	4f 91       	pop	r20
 6f0:	3f 91       	pop	r19
 6f2:	2f 91       	pop	r18
 6f4:	1f 91       	pop	r17
 6f6:	0f 91       	pop	r16
 6f8:	ff 90       	pop	r15
 6fa:	ef 90       	pop	r14
 6fc:	df 90       	pop	r13
 6fe:	cf 90       	pop	r12
 700:	bf 90       	pop	r11
 702:	af 90       	pop	r10
 704:	9f 90       	pop	r9
 706:	8f 90       	pop	r8
 708:	7f 90       	pop	r7
 70a:	6f 90       	pop	r6
 70c:	5f 90       	pop	r5
 70e:	4f 90       	pop	r4
 710:	3f 90       	pop	r3
 712:	2f 90       	pop	r2
 714:	0f 90       	pop	r0
 716:	0f be       	out	0x3f, r0	; 63
 718:	0f 90       	pop	r0
 71a:	1f 90       	pop	r1
 71c:	18 95       	reti

0000071e <.LM53>:
 71e:	81 e0       	ldi	r24, 0x01	; 1
 720:	90 e0       	ldi	r25, 0x00	; 0
 722:	63 d2       	rcall	.+1222   	; 0xbea

00000724 <.LM54>:
 724:	08 95       	ret

00000726 <presto_priority_get>:
 726:	06 d2       	rcall	.+1036   	; 0xb34
 728:	f9 2f       	mov	r31, r25
 72a:	e8 2f       	mov	r30, r24

0000072c <.LM57>:
 72c:	80 85       	ldd	r24, Z+8	; 0x08
 72e:	99 27       	eor	r25, r25

00000730 <.LBE7>:
 730:	08 95       	ret

00000732 <presto_priority_set>:
 732:	1f 93       	push	r17
 734:	cf 93       	push	r28
 736:	df 93       	push	r29
 738:	16 2f       	mov	r17, r22

0000073a <.LBB8>:
 73a:	fc d1       	rcall	.+1016   	; 0xb34
 73c:	d9 2f       	mov	r29, r25
 73e:	c8 2f       	mov	r28, r24

00000740 <.LM61>:
 740:	88 85       	ldd	r24, Y+8	; 0x08
 742:	81 17       	cp	r24, r17
 744:	49 f0       	breq	.+18     	; 0x758

00000746 <.LM62>:
 746:	8c 2f       	mov	r24, r28
 748:	9d 2f       	mov	r25, r29
 74a:	ef d0       	rcall	.+478    	; 0x92a

0000074c <.LM63>:
 74c:	1f 83       	std	Y+7, r17	; 0x07

0000074e <.LM64>:
 74e:	18 87       	std	Y+8, r17	; 0x08

00000750 <.LM65>:
 750:	61 2f       	mov	r22, r17
 752:	8c 2f       	mov	r24, r28
 754:	9d 2f       	mov	r25, r29
 756:	c3 d0       	rcall	.+390    	; 0x8de

00000758 <.L20>:
 758:	df 91       	pop	r29
 75a:	cf 91       	pop	r28
 75c:	1f 91       	pop	r17
 75e:	08 95       	ret

00000760 <presto_priority_override>:
 760:	1f 93       	push	r17
 762:	cf 93       	push	r28
 764:	df 93       	push	r29
 766:	16 2f       	mov	r17, r22

00000768 <.LBB9>:
 768:	e5 d1       	rcall	.+970    	; 0xb34
 76a:	d9 2f       	mov	r29, r25
 76c:	c8 2f       	mov	r28, r24

0000076e <.LM69>:
 76e:	88 85       	ldd	r24, Y+8	; 0x08
 770:	81 17       	cp	r24, r17
 772:	41 f0       	breq	.+16     	; 0x784

00000774 <.LM70>:
 774:	8c 2f       	mov	r24, r28
 776:	9d 2f       	mov	r25, r29
 778:	d8 d0       	rcall	.+432    	; 0x92a

0000077a <.LM71>:
 77a:	18 87       	std	Y+8, r17	; 0x08

0000077c <.LM72>:
 77c:	61 2f       	mov	r22, r17
 77e:	8c 2f       	mov	r24, r28
 780:	9d 2f       	mov	r25, r29
 782:	ad d0       	rcall	.+346    	; 0x8de

00000784 <.L22>:
 784:	df 91       	pop	r29
 786:	cf 91       	pop	r28
 788:	1f 91       	pop	r17
 78a:	08 95       	ret

0000078c <presto_priority_restore>:
 78c:	cf 93       	push	r28
 78e:	df 93       	push	r29

00000790 <.LBB10>:
 790:	d1 d1       	rcall	.+930    	; 0xb34
 792:	d9 2f       	mov	r29, r25
 794:	c8 2f       	mov	r28, r24

00000796 <.LM76>:
 796:	98 85       	ldd	r25, Y+8	; 0x08
 798:	8f 81       	ldd	r24, Y+7	; 0x07
 79a:	98 17       	cp	r25, r24
 79c:	49 f0       	breq	.+18     	; 0x7b0

0000079e <.LM77>:
 79e:	8c 2f       	mov	r24, r28
 7a0:	9d 2f       	mov	r25, r29
 7a2:	c3 d0       	rcall	.+390    	; 0x92a

000007a4 <.LM78>:
 7a4:	8f 81       	ldd	r24, Y+7	; 0x07
 7a6:	88 87       	std	Y+8, r24	; 0x08

000007a8 <.LM79>:
 7a8:	68 2f       	mov	r22, r24
 7aa:	8c 2f       	mov	r24, r28
 7ac:	9d 2f       	mov	r25, r29
 7ae:	97 d0       	rcall	.+302    	; 0x8de

000007b0 <.L24>:
 7b0:	df 91       	pop	r29
 7b2:	cf 91       	pop	r28
 7b4:	08 95       	ret

000007b6 <presto_wait>:
 7b6:	cf 93       	push	r28
 7b8:	df 93       	push	r29
 7ba:	d9 2f       	mov	r29, r25
 7bc:	c8 2f       	mov	r28, r24

000007be <.LBB11>:
 7be:	e0 91 93 01 	lds	r30, 0x0193
 7c2:	f0 91 94 01 	lds	r31, 0x0194
 7c6:	81 87       	std	Z+9, r24	; 0x09
 7c8:	92 87       	std	Z+10, r25	; 0x0a

000007ca <.LM83>:
 7ca:	e0 91 93 01 	lds	r30, 0x0193
 7ce:	f0 91 94 01 	lds	r31, 0x0194
 7d2:	83 85       	ldd	r24, Z+11	; 0x0b
 7d4:	94 85       	ldd	r25, Z+12	; 0x0c
 7d6:	8c 23       	and	r24, r28
 7d8:	9d 23       	and	r25, r29
 7da:	89 2b       	or	r24, r25
 7dc:	09 f4       	brne	.+2      	; 0x7e0

000007de <.LM84>:
 7de:	7b d0       	rcall	.+246    	; 0x8d6

000007e0 <.L27>:
 7e0:	e0 91 93 01 	lds	r30, 0x0193
 7e4:	f0 91 94 01 	lds	r31, 0x0194
 7e8:	11 86       	std	Z+9, r1	; 0x09
 7ea:	12 86       	std	Z+10, r1	; 0x0a

000007ec <.LM86>:
 7ec:	8f b7       	in	r24, 0x3f	; 63
 7ee:	48 2f       	mov	r20, r24
 7f0:	55 27       	eor	r21, r21
 7f2:	40 78       	andi	r20, 0x80	; 128
 7f4:	50 70       	andi	r21, 0x00	; 0
 7f6:	f8 94       	cli

000007f8 <.LM87>:
 7f8:	e0 91 93 01 	lds	r30, 0x0193
 7fc:	f0 91 94 01 	lds	r31, 0x0194
 800:	23 85       	ldd	r18, Z+11	; 0x0b
 802:	34 85       	ldd	r19, Z+12	; 0x0c
 804:	6c 2f       	mov	r22, r28
 806:	7d 2f       	mov	r23, r29
 808:	62 23       	and	r22, r18
 80a:	73 23       	and	r23, r19

0000080c <.LM88>:
 80c:	97 2f       	mov	r25, r23
 80e:	86 2f       	mov	r24, r22
 810:	80 95       	com	r24
 812:	90 95       	com	r25
 814:	82 23       	and	r24, r18
 816:	93 23       	and	r25, r19
 818:	83 87       	std	Z+11, r24	; 0x0b
 81a:	94 87       	std	Z+12, r25	; 0x0c

0000081c <.LM89>:
 81c:	45 2b       	or	r20, r21
 81e:	09 f0       	breq	.+2      	; 0x822
 820:	78 94       	sei

00000822 <.L28>:
 822:	97 2f       	mov	r25, r23
 824:	86 2f       	mov	r24, r22
 826:	df 91       	pop	r29
 828:	cf 91       	pop	r28
 82a:	08 95       	ret

0000082c <presto_trigger_set>:
 82c:	28 2f       	mov	r18, r24
 82e:	39 2f       	mov	r19, r25

00000830 <.LM92>:
 830:	e0 91 93 01 	lds	r30, 0x0193
 834:	f0 91 94 01 	lds	r31, 0x0194
 838:	83 85       	ldd	r24, Z+11	; 0x0b
 83a:	94 85       	ldd	r25, Z+12	; 0x0c
 83c:	82 2b       	or	r24, r18
 83e:	93 2b       	or	r25, r19
 840:	83 87       	std	Z+11, r24	; 0x0b
 842:	94 87       	std	Z+12, r25	; 0x0c

00000844 <.LM93>:
 844:	08 95       	ret

00000846 <presto_trigger_clear>:
 846:	e0 91 93 01 	lds	r30, 0x0193
 84a:	f0 91 94 01 	lds	r31, 0x0194
 84e:	28 2f       	mov	r18, r24
 850:	39 2f       	mov	r19, r25
 852:	20 95       	com	r18
 854:	30 95       	com	r19
 856:	83 85       	ldd	r24, Z+11	; 0x0b
 858:	94 85       	ldd	r25, Z+12	; 0x0c
 85a:	82 23       	and	r24, r18
 85c:	93 23       	and	r25, r19
 85e:	83 87       	std	Z+11, r24	; 0x0b
 860:	94 87       	std	Z+12, r25	; 0x0c

00000862 <.LM96>:
 862:	08 95       	ret

00000864 <presto_trigger_poll>:
 864:	28 2f       	mov	r18, r24
 866:	39 2f       	mov	r19, r25

00000868 <.LM98>:
 868:	e0 91 93 01 	lds	r30, 0x0193
 86c:	f0 91 94 01 	lds	r31, 0x0194
 870:	83 85       	ldd	r24, Z+11	; 0x0b
 872:	94 85       	ldd	r25, Z+12	; 0x0c
 874:	82 23       	and	r24, r18
 876:	93 23       	and	r25, r19

00000878 <.LM99>:
 878:	08 95       	ret

0000087a <presto_trigger_send>:
 87a:	0f 93       	push	r16
 87c:	1f 93       	push	r17
 87e:	06 2f       	mov	r16, r22
 880:	17 2f       	mov	r17, r23

00000882 <.LBB12>:
 882:	58 d1       	rcall	.+688    	; 0xb34
 884:	f9 2f       	mov	r31, r25
 886:	e8 2f       	mov	r30, r24

00000888 <.LM102>:
 888:	83 85       	ldd	r24, Z+11	; 0x0b
 88a:	94 85       	ldd	r25, Z+12	; 0x0c
 88c:	80 2b       	or	r24, r16
 88e:	91 2b       	or	r25, r17
 890:	83 87       	std	Z+11, r24	; 0x0b
 892:	94 87       	std	Z+12, r25	; 0x0c

00000894 <.LM103>:
 894:	81 85       	ldd	r24, Z+9	; 0x09
 896:	92 85       	ldd	r25, Z+10	; 0x0a
 898:	80 23       	and	r24, r16
 89a:	91 23       	and	r25, r17
 89c:	89 2b       	or	r24, r25
 89e:	09 f0       	breq	.+2      	; 0x8a2

000008a0 <.LM104>:
 8a0:	1a d0       	rcall	.+52     	; 0x8d6

000008a2 <.L32>:
 8a2:	1f 91       	pop	r17
 8a4:	0f 91       	pop	r16
 8a6:	08 95       	ret

000008a8 <kernel_trigger_set_noswitch>:
 8a8:	0f 93       	push	r16
 8aa:	1f 93       	push	r17
 8ac:	06 2f       	mov	r16, r22
 8ae:	17 2f       	mov	r17, r23

000008b0 <.LBB13>:
 8b0:	41 d1       	rcall	.+642    	; 0xb34
 8b2:	f9 2f       	mov	r31, r25
 8b4:	e8 2f       	mov	r30, r24

000008b6 <.LM108>:
 8b6:	83 85       	ldd	r24, Z+11	; 0x0b
 8b8:	94 85       	ldd	r25, Z+12	; 0x0c
 8ba:	80 2b       	or	r24, r16
 8bc:	91 2b       	or	r25, r17
 8be:	83 87       	std	Z+11, r24	; 0x0b
 8c0:	94 87       	std	Z+12, r25	; 0x0c

000008c2 <.LBE13>:
 8c2:	1f 91       	pop	r17
 8c4:	0f 91       	pop	r16
 8c6:	08 95       	ret

000008c8 <kernel_current_task>:
 8c8:	e0 91 93 01 	lds	r30, 0x0193
 8cc:	f0 91 94 01 	lds	r31, 0x0194
 8d0:	80 81       	ld	r24, Z
 8d2:	99 27       	eor	r25, r25

000008d4 <.LM112>:
 8d4:	08 95       	ret

000008d6 <kernel_context_switch>:
 8d6:	92 98       	cbi	0x12, 2	; 18

000008d8 <.LM115>:
 8d8:	92 9a       	sbi	0x12, 2	; 18

000008da <.LM116>:
 8da:	78 94       	sei

000008dc <.LBE14>:
 8dc:	08 95       	ret

000008de <priority_queue_insert_tcb>:
 8de:	cf 93       	push	r28
 8e0:	df 93       	push	r29
 8e2:	d9 2f       	mov	r29, r25
 8e4:	c8 2f       	mov	r28, r24

000008e6 <.LBB15>:
 8e6:	8f b7       	in	r24, 0x3f	; 63
 8e8:	28 2f       	mov	r18, r24
 8ea:	33 27       	eor	r19, r19
 8ec:	20 78       	andi	r18, 0x80	; 128
 8ee:	30 70       	andi	r19, 0x00	; 0
 8f0:	f8 94       	cli

000008f2 <.LM120>:
 8f2:	a5 e9       	ldi	r26, 0x95	; 149
 8f4:	b1 e0       	ldi	r27, 0x01	; 1

000008f6 <.LM121>:
 8f6:	e0 91 95 01 	lds	r30, 0x0195
 8fa:	f0 91 96 01 	lds	r31, 0x0196

000008fe <.L44>:
 8fe:	30 97       	sbiw	r30, 0x00	; 0
 900:	51 f0       	breq	.+20     	; 0x916
 902:	80 85       	ldd	r24, Z+8	; 0x08
 904:	86 17       	cp	r24, r22
 906:	38 f0       	brcs	.+14     	; 0x916

00000908 <.LM123>:
 908:	ae 2f       	mov	r26, r30
 90a:	bf 2f       	mov	r27, r31
 90c:	1d 96       	adiw	r26, 0x0d	; 13

0000090e <.LM124>:
 90e:	05 84       	ldd	r0, Z+13	; 0x0d
 910:	f6 85       	ldd	r31, Z+14	; 0x0e
 912:	e0 2d       	mov	r30, r0
 914:	f4 cf       	rjmp	.-24     	; 0x8fe

00000916 <.L43>:
 916:	ed 87       	std	Y+13, r30	; 0x0d
 918:	fe 87       	std	Y+14, r31	; 0x0e

0000091a <.LM126>:
 91a:	cd 93       	st	X+, r28
 91c:	dc 93       	st	X, r29

0000091e <.LM127>:
 91e:	23 2b       	or	r18, r19
 920:	09 f0       	breq	.+2      	; 0x924
 922:	78 94       	sei

00000924 <.L38>:
 924:	df 91       	pop	r29
 926:	cf 91       	pop	r28
 928:	08 95       	ret

0000092a <priority_queue_remove_tcb>:
 92a:	cf 93       	push	r28
 92c:	df 93       	push	r29
 92e:	b9 2f       	mov	r27, r25
 930:	a8 2f       	mov	r26, r24

00000932 <.LBB16>:
 932:	8f b7       	in	r24, 0x3f	; 63
 934:	28 2f       	mov	r18, r24
 936:	33 27       	eor	r19, r19
 938:	20 78       	andi	r18, 0x80	; 128
 93a:	30 70       	andi	r19, 0x00	; 0
 93c:	f8 94       	cli

0000093e <.LM132>:
 93e:	80 91 95 01 	lds	r24, 0x0195
 942:	90 91 96 01 	lds	r25, 0x0196
 946:	f9 2f       	mov	r31, r25
 948:	e8 2f       	mov	r30, r24
 94a:	8a 17       	cp	r24, r26
 94c:	9b 07       	cpc	r25, r27
 94e:	59 f4       	brne	.+22     	; 0x966

00000950 <.L50>:
 950:	85 85       	ldd	r24, Z+13	; 0x0d
 952:	96 85       	ldd	r25, Z+14	; 0x0e
 954:	90 93 96 01 	sts	0x0196, r25
 958:	80 93 95 01 	sts	0x0195, r24
 95c:	f9 2f       	mov	r31, r25
 95e:	e8 2f       	mov	r30, r24
 960:	8a 17       	cp	r24, r26
 962:	9b 07       	cpc	r25, r27
 964:	a9 f3       	breq	.-22     	; 0x950

00000966 <.L59>:
 966:	e0 91 95 01 	lds	r30, 0x0195
 96a:	f0 91 96 01 	lds	r31, 0x0196

0000096e <.LM135>:
 96e:	30 97       	sbiw	r30, 0x00	; 0
 970:	89 f0       	breq	.+34     	; 0x994

00000972 <.L56>:
 972:	85 85       	ldd	r24, Z+13	; 0x0d
 974:	96 85       	ldd	r25, Z+14	; 0x0e
 976:	8a 17       	cp	r24, r26
 978:	9b 07       	cpc	r25, r27
 97a:	39 f4       	brne	.+14     	; 0x98a
 97c:	1d 96       	adiw	r26, 0x0d	; 13
 97e:	8d 91       	ld	r24, X+
 980:	9c 91       	ld	r25, X
 982:	1e 97       	sbiw	r26, 0x0e	; 14
 984:	85 87       	std	Z+13, r24	; 0x0d
 986:	96 87       	std	Z+14, r25	; 0x0e
 988:	03 c0       	rjmp	.+6      	; 0x990

0000098a <.L54>:
 98a:	05 84       	ldd	r0, Z+13	; 0x0d
 98c:	f6 85       	ldd	r31, Z+14	; 0x0e
 98e:	e0 2d       	mov	r30, r0

00000990 <.L51>:
 990:	30 97       	sbiw	r30, 0x00	; 0
 992:	79 f7       	brne	.-34     	; 0x972

00000994 <.L61>:
 994:	23 2b       	or	r18, r19
 996:	09 f0       	breq	.+2      	; 0x99a
 998:	78 94       	sei

0000099a <.L46>:
 99a:	df 91       	pop	r29
 99c:	cf 91       	pop	r28
 99e:	08 95       	ret

000009a0 <scheduler_next_ready>:
 9a0:	e0 91 95 01 	lds	r30, 0x0195
 9a4:	f0 91 96 01 	lds	r31, 0x0196

000009a8 <.LM142>:
 9a8:	30 97       	sbiw	r30, 0x00	; 0
 9aa:	a1 f0       	breq	.+40     	; 0x9d4

000009ac <.L68>:
 9ac:	81 85       	ldd	r24, Z+9	; 0x09
 9ae:	92 85       	ldd	r25, Z+10	; 0x0a
 9b0:	89 2b       	or	r24, r25
 9b2:	41 f0       	breq	.+16     	; 0x9c4

000009b4 <.LM144>:
 9b4:	81 85       	ldd	r24, Z+9	; 0x09
 9b6:	92 85       	ldd	r25, Z+10	; 0x0a
 9b8:	23 85       	ldd	r18, Z+11	; 0x0b
 9ba:	34 85       	ldd	r19, Z+12	; 0x0c
 9bc:	82 23       	and	r24, r18
 9be:	93 23       	and	r25, r19
 9c0:	89 2b       	or	r24, r25
 9c2:	19 f0       	breq	.+6      	; 0x9ca

000009c4 <.L71>:
 9c4:	8e 2f       	mov	r24, r30
 9c6:	9f 2f       	mov	r25, r31

000009c8 <.LM145>:
 9c8:	08 95       	ret

000009ca <.L67>:
 9ca:	05 84       	ldd	r0, Z+13	; 0x0d
 9cc:	f6 85       	ldd	r31, Z+14	; 0x0e
 9ce:	e0 2d       	mov	r30, r0
 9d0:	30 97       	sbiw	r30, 0x00	; 0
 9d2:	61 f7       	brne	.-40     	; 0x9ac

000009d4 <.L70>:
 9d4:	8b e0       	ldi	r24, 0x0B	; 11
 9d6:	90 e0       	ldi	r25, 0x00	; 0
 9d8:	08 d1       	rcall	.+528    	; 0xbea

000009da <.LM148>:
 9da:	80 e0       	ldi	r24, 0x00	; 0
 9dc:	90 e0       	ldi	r25, 0x00	; 0

000009de <.LM149>:
 9de:	08 95       	ret

000009e0 <context_switch_isr>:
 9e0:	1f 92       	push	r1
 9e2:	0f 92       	push	r0
 9e4:	0f b6       	in	r0, 0x3f	; 63
 9e6:	0f 92       	push	r0
 9e8:	11 24       	eor	r1, r1
 9ea:	2f 92       	push	r2
 9ec:	3f 92       	push	r3
 9ee:	4f 92       	push	r4
 9f0:	5f 92       	push	r5
 9f2:	6f 92       	push	r6
 9f4:	7f 92       	push	r7
 9f6:	8f 92       	push	r8
 9f8:	9f 92       	push	r9
 9fa:	af 92       	push	r10
 9fc:	bf 92       	push	r11
 9fe:	cf 92       	push	r12
 a00:	df 92       	push	r13
 a02:	ef 92       	push	r14
 a04:	ff 92       	push	r15
 a06:	0f 93       	push	r16
 a08:	1f 93       	push	r17
 a0a:	2f 93       	push	r18
 a0c:	3f 93       	push	r19
 a0e:	4f 93       	push	r20
 a10:	5f 93       	push	r21
 a12:	6f 93       	push	r22
 a14:	7f 93       	push	r23
 a16:	8f 93       	push	r24
 a18:	9f 93       	push	r25
 a1a:	af 93       	push	r26
 a1c:	bf 93       	push	r27
 a1e:	cf 93       	push	r28
 a20:	df 93       	push	r29
 a22:	ef 93       	push	r30
 a24:	ff 93       	push	r31
 a26:	92 98       	cbi	0x12, 2	; 18
 a28:	8b b7       	in	r24, 0x3b	; 59
 a2a:	80 64       	ori	r24, 0x40	; 64
 a2c:	8b bf       	out	0x3b, r24	; 59

00000a2e <.LM152>:
 a2e:	c5 98       	cbi	0x18, 5	; 24

00000a30 <.LM153>:
 a30:	e0 91 93 01 	lds	r30, 0x0193
 a34:	f0 91 94 01 	lds	r31, 0x0194
 a38:	21 81       	ldd	r18, Z+1	; 0x01
 a3a:	32 81       	ldd	r19, Z+2	; 0x02
 a3c:	83 81       	ldd	r24, Z+3	; 0x03
 a3e:	94 81       	ldd	r25, Z+4	; 0x04
 a40:	82 17       	cp	r24, r18
 a42:	93 07       	cpc	r25, r19
 a44:	28 f0       	brcs	.+10     	; 0xa50
 a46:	85 81       	ldd	r24, Z+5	; 0x05
 a48:	96 81       	ldd	r25, Z+6	; 0x06
 a4a:	28 17       	cp	r18, r24
 a4c:	39 07       	cpc	r19, r25
 a4e:	18 f4       	brcc	.+6      	; 0xa56

00000a50 <.L74>:
 a50:	84 e0       	ldi	r24, 0x04	; 4
 a52:	90 e0       	ldi	r25, 0x00	; 0
 a54:	ca d0       	rcall	.+404    	; 0xbea

00000a56 <.L73>:
 a56:	80 91 93 01 	lds	r24, 0x0193
 a5a:	90 91 94 01 	lds	r25, 0x0194
 a5e:	28 2f       	mov	r18, r24
 a60:	39 2f       	mov	r19, r25
 a62:	2f 5f       	subi	r18, 0xFF	; 255
 a64:	3f 4f       	sbci	r19, 0xFF	; 255
 a66:	30 93 4b 02 	sts	0x024B, r19
 a6a:	20 93 4a 02 	sts	0x024A, r18

00000a6e <.LM156>:
 a6e:	90 93 47 02 	sts	0x0247, r25
 a72:	80 93 46 02 	sts	0x0246, r24

00000a76 <.LM157>:
 a76:	94 df       	rcall	.-216    	; 0x9a0
 a78:	f9 2f       	mov	r31, r25
 a7a:	e8 2f       	mov	r30, r24
 a7c:	90 93 94 01 	sts	0x0194, r25
 a80:	80 93 93 01 	sts	0x0193, r24

00000a84 <.LM158>:
 a84:	80 91 46 02 	lds	r24, 0x0246
 a88:	90 91 47 02 	lds	r25, 0x0247
 a8c:	e8 17       	cp	r30, r24
 a8e:	f9 07       	cpc	r31, r25
 a90:	39 f1       	breq	.+78     	; 0xae0

00000a92 <.LM159>:
 a92:	21 81       	ldd	r18, Z+1	; 0x01
 a94:	32 81       	ldd	r19, Z+2	; 0x02
 a96:	83 81       	ldd	r24, Z+3	; 0x03
 a98:	94 81       	ldd	r25, Z+4	; 0x04
 a9a:	82 17       	cp	r24, r18
 a9c:	93 07       	cpc	r25, r19
 a9e:	28 f0       	brcs	.+10     	; 0xaaa
 aa0:	85 81       	ldd	r24, Z+5	; 0x05
 aa2:	96 81       	ldd	r25, Z+6	; 0x06
 aa4:	28 17       	cp	r18, r24
 aa6:	39 07       	cpc	r19, r25
 aa8:	18 f4       	brcc	.+6      	; 0xab0

00000aaa <.L77>:
 aaa:	84 e0       	ldi	r24, 0x04	; 4
 aac:	90 e0       	ldi	r25, 0x00	; 0
 aae:	9d d0       	rcall	.+314    	; 0xbea

00000ab0 <.L76>:
 ab0:	e0 91 93 01 	lds	r30, 0x0193
 ab4:	f0 91 94 01 	lds	r31, 0x0194
 ab8:	81 81       	ldd	r24, Z+1	; 0x01
 aba:	92 81       	ldd	r25, Z+2	; 0x02
 abc:	90 93 49 02 	sts	0x0249, r25
 ac0:	80 93 48 02 	sts	0x0248, r24

00000ac4 <.LM162>:
 ac4:	e0 91 4a 02 	lds	r30, 0x024A
 ac8:	f0 91 4b 02 	lds	r31, 0x024B
 acc:	8d b7       	in	r24, 0x3d	; 61
 ace:	9e b7       	in	r25, 0x3e	; 62
 ad0:	80 83       	st	Z, r24
 ad2:	91 83       	std	Z+1, r25	; 0x01
 ad4:	80 91 48 02 	lds	r24, 0x0248
 ad8:	90 91 49 02 	lds	r25, 0x0249
 adc:	9e bf       	out	0x3e, r25	; 62
 ade:	8d bf       	out	0x3d, r24	; 61

00000ae0 <.L75>:
 ae0:	c5 9a       	sbi	0x18, 5	; 24
 ae2:	c7 9a       	sbi	0x18, 7	; 24

00000ae4 <.LM164>:
 ae4:	ff 91       	pop	r31
 ae6:	ef 91       	pop	r30
 ae8:	df 91       	pop	r29
 aea:	cf 91       	pop	r28
 aec:	bf 91       	pop	r27
 aee:	af 91       	pop	r26
 af0:	9f 91       	pop	r25
 af2:	8f 91       	pop	r24
 af4:	7f 91       	pop	r23
 af6:	6f 91       	pop	r22
 af8:	5f 91       	pop	r21
 afa:	4f 91       	pop	r20
 afc:	3f 91       	pop	r19
 afe:	2f 91       	pop	r18
 b00:	1f 91       	pop	r17
 b02:	0f 91       	pop	r16
 b04:	ff 90       	pop	r15
 b06:	ef 90       	pop	r14
 b08:	df 90       	pop	r13
 b0a:	cf 90       	pop	r12
 b0c:	bf 90       	pop	r11
 b0e:	af 90       	pop	r10
 b10:	9f 90       	pop	r9
 b12:	8f 90       	pop	r8
 b14:	7f 90       	pop	r7
 b16:	6f 90       	pop	r6
 b18:	5f 90       	pop	r5
 b1a:	4f 90       	pop	r4
 b1c:	3f 90       	pop	r3
 b1e:	2f 90       	pop	r2
 b20:	0f 90       	pop	r0
 b22:	0f be       	out	0x3f, r0	; 63
 b24:	0f 90       	pop	r0
 b26:	1f 90       	pop	r1
 b28:	18 95       	reti

00000b2a <idle_task>:
 b2a:	9f e7       	ldi	r25, 0x7F	; 127

00000b2c <.L83>:
 b2c:	88 b3       	in	r24, 0x18	; 24
 b2e:	89 23       	and	r24, r25
 b30:	88 bb       	out	0x18, r24	; 24

00000b32 <.LBE18>:
 b32:	fc cf       	rjmp	.-8      	; 0xb2c

00000b34 <tid_to_tcbptr>:
 b34:	cf 93       	push	r28
 b36:	c8 2f       	mov	r28, r24

00000b38 <.LM171>:
 b38:	87 30       	cpi	r24, 0x07	; 7
 b3a:	18 f0       	brcs	.+6      	; 0xb42
 b3c:	82 e0       	ldi	r24, 0x02	; 2
 b3e:	90 e0       	ldi	r25, 0x00	; 0
 b40:	54 d0       	rcall	.+168    	; 0xbea

00000b42 <.L85>:
 b42:	8c 2f       	mov	r24, r28
 b44:	99 27       	eor	r25, r25
 b46:	28 2f       	mov	r18, r24
 b48:	39 2f       	mov	r19, r25
 b4a:	22 95       	swap	r18
 b4c:	32 95       	swap	r19
 b4e:	30 7f       	andi	r19, 0xF0	; 240
 b50:	32 27       	eor	r19, r18
 b52:	20 7f       	andi	r18, 0xF0	; 240
 b54:	32 27       	eor	r19, r18
 b56:	28 1b       	sub	r18, r24
 b58:	39 0b       	sbc	r19, r25
 b5a:	93 2f       	mov	r25, r19
 b5c:	82 2f       	mov	r24, r18
 b5e:	86 56       	subi	r24, 0x66	; 102
 b60:	9e 4f       	sbci	r25, 0xFE	; 254

00000b62 <.LM173>:
 b62:	cf 91       	pop	r28
 b64:	08 95       	ret

00000b66 <reset_vector>:
 b66:	f8 94       	cli

00000b68 <.LM3>:
 b68:	1d b8       	out	0x0d, r1	; 13

00000b6a <.LM4>:
 b6a:	1a b8       	out	0x0a, r1	; 10

00000b6c <.LM5>:
 b6c:	11 bc       	out	0x21, r1	; 33

00000b6e <.LM6>:
 b6e:	8f ef       	ldi	r24, 0xFF	; 255
 b70:	87 bb       	out	0x17, r24	; 23

00000b72 <.LM7>:
 b72:	88 bb       	out	0x18, r24	; 24

00000b74 <.LM8>:
 b74:	11 ba       	out	0x11, r1	; 17

00000b76 <.LM9>:
 b76:	52 ca       	rjmp	.-2908   	; 0x1c

00000b78 <show_one_byte>:
 b78:	cf 93       	push	r28
 b7a:	df 93       	push	r29
 b7c:	cd b7       	in	r28, 0x3d	; 61
 b7e:	de b7       	in	r29, 0x3e	; 62
 b80:	22 97       	sbiw	r28, 0x02	; 2
 b82:	0f b6       	in	r0, 0x3f	; 63
 b84:	f8 94       	cli
 b86:	de bf       	out	0x3e, r29	; 62
 b88:	0f be       	out	0x3f, r0	; 63
 b8a:	cd bf       	out	0x3d, r28	; 61

00000b8c <.LBB2>:
 b8c:	80 95       	com	r24
 b8e:	88 bb       	out	0x18, r24	; 24

00000b90 <.LM3>:
 b90:	19 82       	std	Y+1, r1	; 0x01
 b92:	1a 82       	std	Y+2, r1	; 0x02
 b94:	89 81       	ldd	r24, Y+1	; 0x01
 b96:	9a 81       	ldd	r25, Y+2	; 0x02
 b98:	80 54       	subi	r24, 0x40	; 64
 b9a:	9f 41       	sbci	r25, 0x1F	; 31
 b9c:	50 f4       	brcc	.+20     	; 0xbb2

00000b9e <.L6>:
 b9e:	89 81       	ldd	r24, Y+1	; 0x01
 ba0:	9a 81       	ldd	r25, Y+2	; 0x02
 ba2:	01 96       	adiw	r24, 0x01	; 1
 ba4:	89 83       	std	Y+1, r24	; 0x01
 ba6:	9a 83       	std	Y+2, r25	; 0x02
 ba8:	89 81       	ldd	r24, Y+1	; 0x01
 baa:	9a 81       	ldd	r25, Y+2	; 0x02
 bac:	80 54       	subi	r24, 0x40	; 64
 bae:	9f 41       	sbci	r25, 0x1F	; 31
 bb0:	b0 f3       	brcs	.-20     	; 0xb9e

00000bb2 <.L13>:
 bb2:	8f ef       	ldi	r24, 0xFF	; 255
 bb4:	88 bb       	out	0x18, r24	; 24

00000bb6 <.LM5>:
 bb6:	19 82       	std	Y+1, r1	; 0x01
 bb8:	1a 82       	std	Y+2, r1	; 0x02
 bba:	89 81       	ldd	r24, Y+1	; 0x01
 bbc:	9a 81       	ldd	r25, Y+2	; 0x02
 bbe:	80 54       	subi	r24, 0x40	; 64
 bc0:	9f 41       	sbci	r25, 0x1F	; 31
 bc2:	50 f4       	brcc	.+20     	; 0xbd8

00000bc4 <.L11>:
 bc4:	89 81       	ldd	r24, Y+1	; 0x01
 bc6:	9a 81       	ldd	r25, Y+2	; 0x02
 bc8:	01 96       	adiw	r24, 0x01	; 1
 bca:	89 83       	std	Y+1, r24	; 0x01
 bcc:	9a 83       	std	Y+2, r25	; 0x02
 bce:	89 81       	ldd	r24, Y+1	; 0x01
 bd0:	9a 81       	ldd	r25, Y+2	; 0x02
 bd2:	80 54       	subi	r24, 0x40	; 64
 bd4:	9f 41       	sbci	r25, 0x1F	; 31
 bd6:	b0 f3       	brcs	.-20     	; 0xbc4

00000bd8 <.L15>:
 bd8:	22 96       	adiw	r28, 0x02	; 2
 bda:	0f b6       	in	r0, 0x3f	; 63
 bdc:	f8 94       	cli
 bde:	de bf       	out	0x3e, r29	; 62
 be0:	0f be       	out	0x3f, r0	; 63
 be2:	cd bf       	out	0x3d, r28	; 61
 be4:	df 91       	pop	r29
 be6:	cf 91       	pop	r28
 be8:	08 95       	ret

00000bea <error_fatal>:
 bea:	cf 93       	push	r28
 bec:	df 93       	push	r29
 bee:	d9 2f       	mov	r29, r25
 bf0:	c8 2f       	mov	r28, r24

00000bf2 <.LM8>:
 bf2:	f8 94       	cli

00000bf4 <.L20>:
 bf4:	8c 2f       	mov	r24, r28
 bf6:	c0 df       	rcall	.-128    	; 0xb78
 bf8:	fd cf       	rjmp	.-6      	; 0xbf4

00000bfa <error_crash>:
 bfa:	08 95       	ret

00000bfc <error_address>:
 bfc:	ef 92       	push	r14
 bfe:	ff 92       	push	r15
 c00:	0f 93       	push	r16
 c02:	1f 93       	push	r17
 c04:	cf 93       	push	r28
 c06:	e8 2e       	mov	r14, r24
 c08:	f9 2e       	mov	r15, r25

00000c0a <.LBB3>:
 c0a:	f8 94       	cli

00000c0c <.L46>:
 c0c:	c0 e0       	ldi	r28, 0x00	; 0

00000c0e <.L30>:
 c0e:	80 e0       	ldi	r24, 0x00	; 0
 c10:	b3 df       	rcall	.-154    	; 0xb78

00000c12 <.LM17>:
 c12:	cf 5f       	subi	r28, 0xFF	; 255
 c14:	c6 39       	cpi	r28, 0x96	; 150
 c16:	d8 f3       	brcs	.-10     	; 0xc0e

00000c18 <.LM18>:
 c18:	c0 e0       	ldi	r28, 0x00	; 0
 c1a:	0f 2d       	mov	r16, r15
 c1c:	11 27       	eor	r17, r17

00000c1e <.L35>:
 c1e:	80 2f       	mov	r24, r16
 c20:	ab df       	rcall	.-170    	; 0xb78

00000c22 <.LM20>:
 c22:	cf 5f       	subi	r28, 0xFF	; 255
 c24:	c4 36       	cpi	r28, 0x64	; 100
 c26:	d8 f3       	brcs	.-10     	; 0xc1e

00000c28 <.LM21>:
 c28:	c0 e0       	ldi	r28, 0x00	; 0

00000c2a <.L40>:
 c2a:	80 e0       	ldi	r24, 0x00	; 0
 c2c:	a5 df       	rcall	.-182    	; 0xb78

00000c2e <.LM23>:
 c2e:	cf 5f       	subi	r28, 0xFF	; 255
 c30:	c9 31       	cpi	r28, 0x19	; 25
 c32:	d8 f3       	brcs	.-10     	; 0xc2a

00000c34 <.LM24>:
 c34:	c0 e0       	ldi	r28, 0x00	; 0

00000c36 <.L45>:
 c36:	8e 2d       	mov	r24, r14
 c38:	9f df       	rcall	.-194    	; 0xb78

00000c3a <.LM26>:
 c3a:	cf 5f       	subi	r28, 0xFF	; 255
 c3c:	c4 36       	cpi	r28, 0x64	; 100
 c3e:	d8 f3       	brcs	.-10     	; 0xc36
 c40:	e5 cf       	rjmp	.-54     	; 0xc0c

00000c42 <hwtimer_start>:
 c42:	28 2f       	mov	r18, r24
 c44:	39 2f       	mov	r19, r25

00000c46 <.LM2>:
 c46:	80 e4       	ldi	r24, 0x40	; 64
 c48:	8f bd       	out	0x2f, r24	; 47

00000c4a <.LM3>:
 c4a:	89 e0       	ldi	r24, 0x09	; 9
 c4c:	8e bd       	out	0x2e, r24	; 46

00000c4e <.LM4>:
 c4e:	93 2f       	mov	r25, r19
 c50:	82 2f       	mov	r24, r18
 c52:	60 ea       	ldi	r22, 0xA0	; 160
 c54:	7f e0       	ldi	r23, 0x0F	; 15
 c56:	08 d0       	rcall	.+16     	; 0xc68
 c58:	9b bd       	out	0x2b, r25	; 43
 c5a:	8a bd       	out	0x2a, r24	; 42

00000c5c <.LM5>:
 c5c:	89 b7       	in	r24, 0x39	; 57
 c5e:	80 64       	ori	r24, 0x40	; 64
 c60:	89 bf       	out	0x39, r24	; 57

00000c62 <.LM6>:
 c62:	8d 9a       	sbi	0x11, 5	; 17

00000c64 <.LM7>:
 c64:	08 95       	ret

00000c66 <__bad_interrupt>:
 c66:	1d ca       	rjmp	.-3014   	; 0xa2

00000c68 <__mulhi3>:
 c68:	55 27       	eor	r21, r21
 c6a:	00 24       	eor	r0, r0

00000c6c <__mulhi3_loop>:
 c6c:	80 ff       	sbrs	r24, 0
 c6e:	02 c0       	rjmp	.+4      	; 0xc74
 c70:	06 0e       	add	r0, r22
 c72:	57 1f       	adc	r21, r23

00000c74 <__mulhi3_skip1>:
 c74:	66 0f       	add	r22, r22
 c76:	77 1f       	adc	r23, r23
 c78:	61 15       	cp	r22, r1
 c7a:	71 05       	cpc	r23, r1
 c7c:	21 f0       	breq	.+8      	; 0xc86
 c7e:	96 95       	lsr	r25
 c80:	87 95       	ror	r24
 c82:	00 97       	sbiw	r24, 0x00	; 0
 c84:	99 f7       	brne	.-26     	; 0xc6c

00000c86 <__mulhi3_exit>:
 c86:	95 2f       	mov	r25, r21
 c88:	80 2d       	mov	r24, r0
 c8a:	08 95       	ret
Disassembly of section .data:
Disassembly of section .fini9:
